2024-05-18 17:02:42.473 [info] Log level: Info
2024-05-18 17:02:42.473 [info] Validating found git in: "git"
2024-05-18 17:02:42.473 [info] Using git "2.45.1" from "git"
2024-05-18 17:03:26.830 [info] Log level: Info
2024-05-18 17:03:26.830 [info] Validating found git in: "git"
2024-05-18 17:03:26.830 [info] Using git "2.45.1" from "git"
2024-05-18 17:03:26.830 [info] > git rev-parse --show-toplevel [1ms]
2024-05-18 17:03:26.830 [info] > git rev-parse --git-dir --git-common-dir [25ms]
2024-05-18 17:03:26.830 [info] Open repository: /home/davidlevy/projects/faculdade/recycle-react
2024-05-18 17:03:26.831 [info] > git rev-parse --show-toplevel [7ms]
2024-05-18 17:03:26.832 [info] > git config --get commit.template [16ms]
2024-05-18 17:03:26.907 [info] > git for-each-ref --format=%(refname)%00%(upstream:short)%00%(objectname)%00%(upstream:track)%00%(upstream:remotename)%00%(upstream:remoteref) refs/heads/main refs/remotes/main [15ms]
2024-05-18 17:03:26.909 [info] > git rev-parse --show-toplevel [47ms]
2024-05-18 17:03:26.932 [warning] ENOENT: no such file or directory, open '/home/davidlevy/projects/faculdade/recycle-react/.git/refs/remotes/origin/main'
2024-05-18 17:03:26.973 [info] > git rev-parse --show-toplevel [19ms]
2024-05-18 17:03:26.978 [info] > git rev-parse refs/remotes/origin/main [46ms]
2024-05-18 17:03:27.058 [info] > git status -z -uall [59ms]
2024-05-18 17:03:27.140 [info] > git merge-base refs/heads/main refs/remotes/origin/main [50ms]
2024-05-18 17:03:27.156 [info] > git rev-parse --show-toplevel [129ms]
2024-05-18 17:03:27.226 [info] > git rev-list --count --left-right refs/heads/main...refs/remotes/origin/main [70ms]
2024-05-18 17:03:27.238 [info] > git config --get commit.template [98ms]
2024-05-18 17:03:27.247 [info] > git diff --name-status -z --diff-filter=ADMR 9fa9ea73991174a0175b98eaf708bdb625d768b6...refs/remotes/origin/main [10ms]
2024-05-18 17:03:27.365 [info] > git for-each-ref --format=%(refname)%00%(upstream:short)%00%(objectname)%00%(upstream:track)%00%(upstream:remotename)%00%(upstream:remoteref) refs/heads/main refs/remotes/main [105ms]
2024-05-18 17:03:27.402 [warning] ENOENT: no such file or directory, open '/home/davidlevy/projects/faculdade/recycle-react/.git/refs/remotes/origin/main'
2024-05-18 17:03:27.473 [info] > git rev-parse refs/remotes/origin/main [70ms]
2024-05-18 17:03:27.532 [info] > git status -z -uall [38ms]
2024-05-18 17:03:28.901 [info] > git check-ignore -v -z --stdin [81ms]
2024-05-18 17:03:30.781 [info] > git show --textconv :src/api/UsersService.js [24ms]
2024-05-18 17:03:30.781 [info] > git ls-files --stage -- /home/davidlevy/projects/faculdade/recycle-react/src/api/UsersService.js [6ms]
2024-05-18 17:04:34.406 [info] > git show --textconv :src/App.js [17ms]
2024-05-18 17:04:34.413 [info] > git ls-files --stage -- /home/davidlevy/projects/faculdade/recycle-react/src/App.js [8ms]
2024-05-18 17:04:34.424 [info] > git cat-file -s ddb2b2e6eb707624483c98d8e05ff4559ac92251 [1ms]
2024-05-18 17:05:08.355 [info] > git config --get commit.template [28ms]
2024-05-18 17:05:08.362 [info] > git ls-files --stage -- /home/davidlevy/projects/faculdade/recycle-react/src/App.js [16ms]
2024-05-18 17:05:08.373 [info] > git for-each-ref --format=%(refname)%00%(upstream:short)%00%(objectname)%00%(upstream:track)%00%(upstream:remotename)%00%(upstream:remoteref) refs/heads/main refs/remotes/main [12ms]
2024-05-18 17:05:08.386 [warning] ENOENT: no such file or directory, open '/home/davidlevy/projects/faculdade/recycle-react/.git/refs/remotes/origin/main'
2024-05-18 17:05:08.391 [info] > git rev-parse refs/remotes/origin/main [5ms]
2024-05-18 17:05:08.398 [info] > git cat-file -s ddb2b2e6eb707624483c98d8e05ff4559ac92251 [26ms]
2024-05-18 17:05:08.408 [info] > git status -z -uall [11ms]
2024-05-18 17:05:08.446 [info] > git show --textconv :src/App.js [3ms]
2024-05-18 17:06:30.002 [info] > git show --textconv :src/api/UsersService.js [10ms]
2024-05-18 17:06:30.008 [info] > git ls-files --stage -- /home/davidlevy/projects/faculdade/recycle-react/src/api/UsersService.js [7ms]
2024-05-18 17:07:18.490 [info] > git merge-base refs/heads/main refs/remotes/origin/main [2ms]
2024-05-18 17:07:18.496 [info] > git rev-list --count --left-right refs/heads/main...refs/remotes/origin/main [1ms]
2024-05-18 17:07:19.111 [info] > git check-ignore -v -z --stdin [2ms]
2024-05-18 17:07:28.242 [info] > git show --textconv :.git/COMMIT_EDITMSG [4ms]
2024-05-18 17:07:28.243 [info] > git ls-files --stage -- /home/davidlevy/projects/faculdade/recycle-react/.git/COMMIT_EDITMSG [1ms]
2024-05-18 17:07:28.564 [info] > git check-ignore -v -z --stdin [1ms]
2024-05-18 17:07:28.979 [info] > git ls-files --stage -- /home/davidlevy/projects/faculdade/recycle-react/.git/COMMIT_EDITMSG [1ms]
2024-05-18 17:07:28.986 [info] > git show --textconv :.git/COMMIT_EDITMSG [2ms]
