2024-05-18 17:12:51.045 [info] Log level: Info
2024-05-18 17:12:51.045 [info] Validating found git in: "git"
2024-05-18 17:12:51.045 [info] Using git "2.45.1" from "git"
2024-05-18 17:12:51.045 [info] > git rev-parse --show-toplevel [2ms]
2024-05-18 17:12:51.045 [info] > git rev-parse --git-dir --git-common-dir [1ms]
2024-05-18 17:12:51.045 [info] Open repository: /home/davidlevy/projects/faculdade/recycle-react
2024-05-18 17:12:51.045 [info] > git rev-parse --show-toplevel [5ms]
2024-05-18 17:12:51.045 [info] fatal: this operation must be run in a work tree
2024-05-18 17:12:51.045 [info] > git config --get commit.template [11ms]
2024-05-18 17:12:51.045 [info] > git for-each-ref --format=%(refname)%00%(upstream:short)%00%(objectname)%00%(upstream:track)%00%(upstream:remotename)%00%(upstream:remoteref) refs/heads/main refs/remotes/main [8ms]
2024-05-18 17:12:51.045 [info] > git rev-parse --show-toplevel [13ms]
2024-05-18 17:12:51.045 [warning] ENOENT: no such file or directory, open '/home/davidlevy/projects/faculdade/recycle-react/.git/refs/remotes/origin/main'
2024-05-18 17:12:51.046 [info] > git rev-parse --show-toplevel [2ms]
2024-05-18 17:12:51.046 [info] > git rev-parse refs/remotes/origin/main [7ms]
2024-05-18 17:12:51.060 [info] > git status -z -uall [7ms]
2024-05-18 17:12:51.111 [info] > git merge-base refs/heads/main refs/remotes/origin/main [38ms]
2024-05-18 17:12:51.116 [info] > git rev-parse --show-toplevel [56ms]
2024-05-18 17:12:51.123 [info] > git rev-list --count --left-right refs/heads/main...refs/remotes/origin/main [6ms]
2024-05-18 17:12:51.128 [info] > git config --get commit.template [19ms]
2024-05-18 17:12:51.130 [info] > git diff --name-status -z --diff-filter=ADMR 9fa9ea73991174a0175b98eaf708bdb625d768b6...refs/remotes/origin/main [2ms]
2024-05-18 17:12:51.139 [info] > git for-each-ref --format=%(refname)%00%(upstream:short)%00%(objectname)%00%(upstream:track)%00%(upstream:remotename)%00%(upstream:remoteref) refs/heads/main refs/remotes/main [4ms]
2024-05-18 17:12:51.146 [warning] ENOENT: no such file or directory, open '/home/davidlevy/projects/faculdade/recycle-react/.git/refs/remotes/origin/main'
2024-05-18 17:12:51.154 [info] > git rev-parse refs/remotes/origin/main [7ms]
2024-05-18 17:12:51.162 [info] > git status -z -uall [3ms]
2024-05-18 17:12:52.117 [info] > git check-ignore -v -z --stdin [259ms]
2024-05-18 17:12:52.743 [info] > git show --textconv :.git/COMMIT_EDITMSG [25ms]
2024-05-18 17:12:52.752 [info] > git ls-files --stage -- /home/davidlevy/projects/faculdade/recycle-react/.git/COMMIT_EDITMSG [23ms]
2024-05-18 17:12:53.685 [info] > git config --get commit.template [6ms]
2024-05-18 17:12:53.685 [info] > git for-each-ref --format=%(refname)%00%(upstream:short)%00%(objectname)%00%(upstream:track)%00%(upstream:remotename)%00%(upstream:remoteref) refs/heads/main refs/remotes/main [1ms]
2024-05-18 17:12:53.689 [warning] ENOENT: no such file or directory, open '/home/davidlevy/projects/faculdade/recycle-react/.git/refs/remotes/origin/main'
2024-05-18 17:12:53.690 [info] > git rev-parse refs/remotes/origin/main [1ms]
2024-05-18 17:12:53.696 [info] > git status -z -uall [2ms]
2024-05-18 17:12:53.781 [info] > git ls-files --stage -- /home/davidlevy/projects/faculdade/recycle-react/.git/COMMIT_EDITMSG [1ms]
2024-05-18 17:12:53.787 [info] > git show --textconv :.git/COMMIT_EDITMSG [1ms]
2024-05-18 17:12:55.746 [info] > git show --textconv :src/api/UsersService.js [8ms]
2024-05-18 17:12:55.747 [info] > git ls-files --stage -- /home/davidlevy/projects/faculdade/recycle-react/src/api/UsersService.js [3ms]
2024-05-18 17:13:25.821 [info] > git config --get commit.template [5ms]
2024-05-18 17:13:25.822 [info] > git for-each-ref --format=%(refname)%00%(upstream:short)%00%(objectname)%00%(upstream:track)%00%(upstream:remotename)%00%(upstream:remoteref) refs/heads/main refs/remotes/main [2ms]
2024-05-18 17:13:25.826 [warning] ENOENT: no such file or directory, open '/home/davidlevy/projects/faculdade/recycle-react/.git/refs/remotes/origin/main'
2024-05-18 17:13:25.827 [info] > git rev-parse refs/remotes/origin/main [1ms]
2024-05-18 17:13:25.832 [info] > git status -z -uall [2ms]
2024-05-18 17:13:25.843 [info] > git merge-base refs/heads/main refs/remotes/origin/main [4ms]
2024-05-18 17:13:25.850 [info] > git rev-list --count --left-right refs/heads/main...refs/remotes/origin/main [1ms]
2024-05-18 17:13:25.857 [info] > git diff --name-status -z --diff-filter=ADMR 9fa9ea73991174a0175b98eaf708bdb625d768b6...refs/remotes/origin/main [2ms]
2024-05-18 17:13:25.919 [info] > git ls-files --stage -- /home/davidlevy/projects/faculdade/recycle-react/src/api/UsersService.js [1ms]
2024-05-18 17:13:25.926 [info] > git show --textconv :src/api/UsersService.js [2ms]
2024-05-18 17:13:43.306 [info] > git config --get commit.template [2ms]
2024-05-18 17:13:43.312 [info] > git for-each-ref --format=%(refname)%00%(upstream:short)%00%(objectname)%00%(upstream:track)%00%(upstream:remotename)%00%(upstream:remoteref) refs/heads/main refs/remotes/main [1ms]
2024-05-18 17:13:43.316 [warning] ENOENT: no such file or directory, open '/home/davidlevy/projects/faculdade/recycle-react/.git/refs/remotes/origin/main'
2024-05-18 17:13:43.318 [info] > git rev-parse refs/remotes/origin/main [2ms]
2024-05-18 17:13:43.325 [info] > git status -z -uall [2ms]
2024-05-18 17:13:44.460 [info] > git ls-files --stage -- /home/davidlevy/projects/faculdade/recycle-react/src/api/UsersService.js [1ms]
2024-05-18 17:13:44.467 [info] > git show --textconv :src/api/UsersService.js [1ms]
2024-05-18 17:13:48.339 [info] > git config --get commit.template [7ms]
2024-05-18 17:13:48.340 [info] > git for-each-ref --format=%(refname)%00%(upstream:short)%00%(objectname)%00%(upstream:track)%00%(upstream:remotename)%00%(upstream:remoteref) refs/heads/main refs/remotes/main [1ms]
2024-05-18 17:13:48.346 [info] > git status -z -uall [1ms]
2024-05-18 17:13:48.357 [info] > git merge-base refs/heads/main refs/remotes/origin/main [5ms]
2024-05-18 17:13:48.365 [info] > git rev-list --count --left-right refs/heads/main...refs/remotes/origin/main [2ms]
2024-05-18 17:13:48.372 [info] > git diff --name-status -z --diff-filter=ADMR f42e76d8d49d9d0ed82cd1a102738b2f38f037ab...refs/remotes/origin/main [1ms]
2024-05-18 17:13:49.021 [info] > git ls-files --stage -- /home/davidlevy/projects/faculdade/recycle-react/src/api/UsersService.js [1ms]
2024-05-18 17:13:49.032 [info] > git show --textconv :src/api/UsersService.js [3ms]
2024-05-18 17:13:53.363 [info] > git config --get commit.template [2ms]
2024-05-18 17:13:53.371 [info] > git for-each-ref --format=%(refname)%00%(upstream:short)%00%(objectname)%00%(upstream:track)%00%(upstream:remotename)%00%(upstream:remoteref) refs/heads/main refs/remotes/main [1ms]
2024-05-18 17:13:53.378 [info] > git status -z -uall [2ms]
2024-05-18 17:14:56.207 [info] > git merge-base refs/heads/main refs/remotes/origin/main [2ms]
2024-05-18 17:14:56.213 [info] > git rev-list --count --left-right refs/heads/main...refs/remotes/origin/main [1ms]
2024-05-18 17:14:56.821 [info] > git check-ignore -v -z --stdin [1ms]
2024-05-18 17:15:01.017 [info] > git show --textconv HEAD:package-lock.json [12ms]
2024-05-18 17:15:01.017 [info] > git ls-tree -l HEAD -- /home/davidlevy/projects/faculdade/recycle-react/package-lock.json [3ms]
2024-05-18 17:15:02.596 [info] > git add -A -- /home/davidlevy/projects/faculdade/recycle-react/package-lock.json [22ms]
2024-05-18 17:15:02.604 [info] > git config --get commit.template [1ms]
2024-05-18 17:15:02.612 [info] > git for-each-ref --format=%(refname)%00%(upstream:short)%00%(objectname)%00%(upstream:track)%00%(upstream:remotename)%00%(upstream:remoteref) refs/heads/main refs/remotes/main [2ms]
2024-05-18 17:15:02.622 [info] > git status -z -uall [2ms]
2024-05-18 17:15:03.663 [info] > git config --get commit.template [1ms]
2024-05-18 17:15:03.669 [info] > git for-each-ref --format=%(refname)%00%(upstream:short)%00%(objectname)%00%(upstream:track)%00%(upstream:remotename)%00%(upstream:remoteref) refs/heads/main refs/remotes/main [1ms]
2024-05-18 17:15:03.677 [info] > git status -z -uall [2ms]
2024-05-18 17:15:03.766 [info] > git ls-files --stage -- /home/davidlevy/projects/faculdade/recycle-react/package-lock.json [2ms]
2024-05-18 17:15:03.772 [info] > git cat-file -s 3870901612f96c375447348137c18b63f1ed144a [2ms]
2024-05-18 17:15:03.787 [info] > git show --textconv :package-lock.json [8ms]
2024-05-18 17:15:04.739 [info] > git show --textconv HEAD:package.json [8ms]
2024-05-18 17:15:04.740 [info] > git ls-tree -l HEAD -- /home/davidlevy/projects/faculdade/recycle-react/package.json [2ms]
2024-05-18 17:15:06.642 [info] > git add -A -- /home/davidlevy/projects/faculdade/recycle-react/package.json /home/davidlevy/projects/faculdade/recycle-react/.idea/modules.xml /home/davidlevy/projects/faculdade/recycle-react/.idea/recycle-react.iml /home/davidlevy/projects/faculdade/recycle-react/.idea/vcs.xml /home/davidlevy/projects/faculdade/recycle-react/src/App.js /home/davidlevy/projects/faculdade/recycle-react/src/index.css /home/davidlevy/projects/faculdade/recycle-react/src/api/UsersService.js /home/davidlevy/projects/faculdade/recycle-react/src/components/HomePage.js /home/davidlevy/projects/faculdade/recycle-react/src/components/Register.js /home/davidlevy/projects/faculdade/recycle-react/src/styles/Header.css [3ms]
2024-05-18 17:15:06.653 [info] > git config --get commit.template [5ms]
2024-05-18 17:15:06.653 [info] > git for-each-ref --format=%(refname)%00%(upstream:short)%00%(objectname)%00%(upstream:track)%00%(upstream:remotename)%00%(upstream:remoteref) refs/heads/main refs/remotes/main [1ms]
2024-05-18 17:15:06.659 [info] > git status -z -uall [1ms]
2024-05-18 17:15:07.825 [info] > git ls-files --stage -- /home/davidlevy/projects/faculdade/recycle-react/package.json [1ms]
2024-05-18 17:15:07.831 [info] > git cat-file -s 47a153e637d434951024d20e8f61fb143176275c [1ms]
2024-05-18 17:15:07.837 [info] > git show --textconv :package.json [2ms]
2024-05-18 17:15:08.690 [info] > git config --get commit.template [6ms]
2024-05-18 17:15:08.691 [info] > git for-each-ref --format=%(refname)%00%(upstream:short)%00%(objectname)%00%(upstream:track)%00%(upstream:remotename)%00%(upstream:remoteref) refs/heads/main refs/remotes/main [1ms]
2024-05-18 17:15:08.697 [info] > git status -z -uall [2ms]
2024-05-18 17:15:13.711 [info] > git config --get commit.template [5ms]
2024-05-18 17:15:13.711 [info] > git for-each-ref --format=%(refname)%00%(upstream:short)%00%(objectname)%00%(upstream:track)%00%(upstream:remotename)%00%(upstream:remoteref) refs/heads/main refs/remotes/main [1ms]
2024-05-18 17:15:13.719 [info] > git status -z -uall [2ms]
2024-05-18 17:15:35.656 [info] > git show --textconv :.git/COMMIT_EDITMSG [5ms]
2024-05-18 17:15:35.657 [info] > git ls-files --stage -- /home/davidlevy/projects/faculdade/recycle-react/.git/COMMIT_EDITMSG [2ms]
2024-05-18 17:15:36.456 [info] > git ls-files --stage -- /home/davidlevy/projects/faculdade/recycle-react/package.json [8ms]
2024-05-18 17:15:36.461 [info] > git ls-files --stage -- /home/davidlevy/projects/faculdade/recycle-react/.git/COMMIT_EDITMSG [7ms]
2024-05-18 17:15:36.462 [info] > git cat-file -s 47a153e637d434951024d20e8f61fb143176275c [2ms]
2024-05-18 17:15:36.472 [info] > git show --textconv :.git/COMMIT_EDITMSG [5ms]
2024-05-18 17:15:36.473 [info] > git show --textconv :package.json [1ms]
2024-05-18 17:15:54.325 [info] > git -c user.useConfigOnly=true commit --quiet [19069ms]
2024-05-18 17:15:54.325 [info] /bin/sh: warning: setlocale: LC_ALL: cannot change locale (en_US.UTF-8)
/bin/sh: warning: setlocale: LC_ALL: cannot change locale (en_US.UTF-8)
Aborting commit due to empty commit message.
2024-05-18 17:15:54.332 [info] > git config --get commit.template [1ms]
2024-05-18 17:15:54.342 [info] > git for-each-ref --format=%(refname)%00%(upstream:short)%00%(objectname)%00%(upstream:track)%00%(upstream:remotename)%00%(upstream:remoteref) refs/heads/main refs/remotes/main [5ms]
2024-05-18 17:15:54.343 [info] > git ls-files --stage -- /home/davidlevy/projects/faculdade/recycle-react/package.json [2ms]
2024-05-18 17:15:54.353 [info] > git cat-file -s 47a153e637d434951024d20e8f61fb143176275c [3ms]
2024-05-18 17:15:54.363 [info] > git status -z -uall [3ms]
2024-05-18 17:16:08.409 [info] > git ls-files --stage -- /home/davidlevy/projects/faculdade/recycle-react/package.json [0ms]
2024-05-18 17:16:08.419 [info] > git cat-file -s 47a153e637d434951024d20e8f61fb143176275c [2ms]
2024-05-18 17:16:13.692 [info] > git show --textconv :.git/COMMIT_EDITMSG [8ms]
2024-05-18 17:16:13.693 [info] > git ls-files --stage -- /home/davidlevy/projects/faculdade/recycle-react/.git/COMMIT_EDITMSG [2ms]
2024-05-18 17:16:14.461 [info] > git ls-files --stage -- /home/davidlevy/projects/faculdade/recycle-react/package.json [8ms]
2024-05-18 17:16:14.467 [info] > git ls-files --stage -- /home/davidlevy/projects/faculdade/recycle-react/.git/COMMIT_EDITMSG [7ms]
2024-05-18 17:16:14.469 [info] > git cat-file -s 47a153e637d434951024d20e8f61fb143176275c [3ms]
2024-05-18 17:16:14.481 [info] > git show --textconv :.git/COMMIT_EDITMSG [6ms]
2024-05-18 17:16:14.484 [info] > git show --textconv :package.json [5ms]
2024-05-18 17:17:20.079 [info] > git -c user.useConfigOnly=true commit --quiet [66841ms]
2024-05-18 17:17:20.079 [info] /bin/sh: warning: setlocale: LC_ALL: cannot change locale (en_US.UTF-8)
/bin/sh: warning: setlocale: LC_ALL: cannot change locale (en_US.UTF-8)
2024-05-18 17:17:20.100 [info] > git config --get commit.template [12ms]
2024-05-18 17:17:20.133 [info] > git ls-tree -l HEAD -- /home/davidlevy/projects/faculdade/recycle-react/package.json [33ms]
2024-05-18 17:17:20.136 [info] > git for-each-ref --format=%(refname)%00%(upstream:short)%00%(objectname)%00%(upstream:track)%00%(upstream:remotename)%00%(upstream:remoteref) refs/heads/main refs/remotes/main [5ms]
2024-05-18 17:17:20.151 [info] > git status -z -uall [1ms]
2024-05-18 17:17:20.165 [info] > git merge-base refs/heads/main refs/remotes/origin/main [7ms]
2024-05-18 17:17:20.180 [info] > git rev-list --count --left-right refs/heads/main...refs/remotes/origin/main [6ms]
2024-05-18 17:17:20.195 [info] > git diff --name-status -z --diff-filter=ADMR f42e76d8d49d9d0ed82cd1a102738b2f38f037ab...refs/remotes/origin/main [3ms]
2024-05-18 17:17:20.323 [info] > git merge-base refs/heads/main refs/remotes/origin/main [3ms]
2024-05-18 17:17:20.332 [info] > git rev-list --count --left-right refs/heads/main...refs/remotes/origin/main [3ms]
2024-05-18 17:17:20.350 [info] > git config --get commit.template [4ms]
2024-05-18 17:17:20.363 [info] > git for-each-ref --format=%(refname)%00%(upstream:short)%00%(objectname)%00%(upstream:track)%00%(upstream:remotename)%00%(upstream:remoteref) refs/heads/main refs/remotes/main [2ms]
2024-05-18 17:17:20.379 [info] > git status -z -uall [2ms]
2024-05-18 17:17:21.377 [info] > git ls-tree -l HEAD -- /home/davidlevy/projects/faculdade/recycle-react/package.json [1ms]
2024-05-18 17:17:21.388 [info] > git show --textconv HEAD:package.json [3ms]
2024-05-18 17:17:22.382 [info] > git config --get commit.template [6ms]
2024-05-18 17:17:22.383 [info] > git for-each-ref --format=%(refname)%00%(upstream:short)%00%(objectname)%00%(upstream:track)%00%(upstream:remotename)%00%(upstream:remoteref) refs/heads/main refs/remotes/main [2ms]
2024-05-18 17:17:22.391 [info] > git status -z -uall [2ms]
2024-05-18 17:17:23.118 [info] > git log --format=%H%n%aN%n%aE%n%at%n%ct%n%P%n%D%n%B -z --shortstat --diff-merges=first-parent --author-date-order f42e76d8d49d9d0ed82cd1a102738b2f38f037ab..271f7605b9e4ef1a4765186877e6f41dbf15b887 [17ms]
2024-05-18 17:17:44.377 [info] > git log --oneline --cherry main...main@{upstream} -- [11ms]
2024-05-18 17:17:44.386 [info] > git ls-tree -l HEAD -- /home/davidlevy/projects/faculdade/recycle-react/package.json [10ms]
2024-05-18 17:17:45.524 [info] > git pull --tags origin main [1138ms]
2024-05-18 17:17:45.524 [info] /bin/sh: warning: setlocale: LC_ALL: cannot change locale (en_US.UTF-8)
/bin/sh: warning: setlocale: LC_ALL: cannot change locale (en_US.UTF-8)
From https://github.com/CaioGhinis/recycl-react
 * branch            main       -> FETCH_HEAD
2024-05-18 17:17:45.581 [info] > git ls-tree -l HEAD -- /home/davidlevy/projects/faculdade/recycle-react/package.json [3ms]
2024-05-18 17:17:45.591 [info] > git show --textconv HEAD:package.json [1ms]
2024-05-18 17:17:46.701 [info] > git ls-tree -l HEAD -- /home/davidlevy/projects/faculdade/recycle-react/package.json [1ms]
2024-05-18 17:17:46.712 [info] > git show --textconv HEAD:package.json [2ms]
2024-05-18 17:17:46.950 [info] > git push origin main:main [1422ms]
2024-05-18 17:17:46.950 [info] /bin/sh: warning: setlocale: LC_ALL: cannot change locale (en_US.UTF-8)
/bin/sh: warning: setlocale: LC_ALL: cannot change locale (en_US.UTF-8)
To https://github.com/CaioGhinis/recycl-react.git
   f42e76d..271f760  main -> main
2024-05-18 17:17:46.957 [info] > git config --get commit.template [0ms]
2024-05-18 17:17:46.965 [info] > git for-each-ref --format=%(refname)%00%(upstream:short)%00%(objectname)%00%(upstream:track)%00%(upstream:remotename)%00%(upstream:remoteref) refs/heads/main refs/remotes/main [2ms]
2024-05-18 17:17:46.973 [info] > git status -z -uall [2ms]
2024-05-18 17:17:46.996 [info] > git merge-base refs/heads/main refs/remotes/origin/main [15ms]
2024-05-18 17:17:47.003 [info] > git merge-base refs/heads/main refs/remotes/origin/main [9ms]
2024-05-18 17:17:47.010 [info] > git rev-list --count --left-right refs/heads/main...refs/remotes/origin/main [8ms]
2024-05-18 17:17:47.019 [info] > git rev-list --count --left-right refs/heads/main...refs/remotes/origin/main [10ms]
2024-05-18 17:17:47.021 [info] > git diff --name-status -z --diff-filter=ADMR 271f7605b9e4ef1a4765186877e6f41dbf15b887...refs/remotes/origin/main [3ms]
2024-05-18 17:17:48.042 [info] > git config --get commit.template [1ms]
2024-05-18 17:17:48.050 [info] > git for-each-ref --format=%(refname)%00%(upstream:short)%00%(objectname)%00%(upstream:track)%00%(upstream:remotename)%00%(upstream:remoteref) refs/heads/main refs/remotes/main [1ms]
2024-05-18 17:17:48.057 [info] > git status -z -uall [2ms]
2024-05-18 17:17:48.144 [info] > git ls-tree -l HEAD -- /home/davidlevy/projects/faculdade/recycle-react/package.json [2ms]
2024-05-18 17:17:48.154 [info] > git show --textconv HEAD:package.json [2ms]
2024-05-18 17:17:52.225 [info] > git fetch [870ms]
2024-05-18 17:17:52.225 [info] /bin/sh: warning: setlocale: LC_ALL: cannot change locale (en_US.UTF-8)
Missing or invalid credentials.
Skip silent fetch commands
/bin/sh: warning: setlocale: LC_ALL: cannot change locale (en_US.UTF-8)
Missing or invalid credentials.
Skip silent fetch commands
remote: Repository not found.
fatal: Authentication failed for 'https://github.com/CaioGhinis/recycl-react.git/'
2024-05-18 17:17:52.245 [info] > git config --get commit.template [8ms]
2024-05-18 17:17:52.246 [info] > git for-each-ref --format=%(refname)%00%(upstream:short)%00%(objectname)%00%(upstream:track)%00%(upstream:remotename)%00%(upstream:remoteref) refs/heads/main refs/remotes/main [3ms]
2024-05-18 17:17:52.258 [info] > git status -z -uall [3ms]
2024-05-18 17:17:52.544 [info] > git ls-tree -l HEAD -- /home/davidlevy/projects/faculdade/recycle-react/package.json [2ms]
2024-05-18 17:17:52.553 [info] > git show --textconv HEAD:package.json [2ms]
2024-05-18 17:17:53.065 [info] > git config --get commit.template [1ms]
2024-05-18 17:17:53.072 [info] > git for-each-ref --format=%(refname)%00%(upstream:short)%00%(objectname)%00%(upstream:track)%00%(upstream:remotename)%00%(upstream:remoteref) refs/heads/main refs/remotes/main [2ms]
2024-05-18 17:17:53.078 [info] > git status -z -uall [2ms]
2024-05-18 17:18:06.588 [info] > git ls-tree -l HEAD -- /home/davidlevy/projects/faculdade/recycle-react/package.json [8ms]
2024-05-18 17:18:06.589 [info] > git config --get commit.template [2ms]
2024-05-18 17:18:06.599 [info] > git for-each-ref --format=%(refname)%00%(upstream:short)%00%(objectname)%00%(upstream:track)%00%(upstream:remotename)%00%(upstream:remoteref) refs/heads/main refs/remotes/main [1ms]
2024-05-18 17:18:06.605 [info] > git status -z -uall [2ms]
