2024-05-18 17:02:36.771 [info] Added views:workbench.panel.markers.view in workbench.panel.markers
2024-05-18 17:02:36.781 [info] Added views:workbench.panel.output in workbench.panel.output
2024-05-18 17:02:36.781 [info] Added views:terminal in terminal
2024-05-18 17:02:36.781 [info] Added views:outline in workbench.view.explorer
2024-05-18 17:02:36.781 [info] Added views:workbench.scm in workbench.view.scm
2024-05-18 17:02:36.781 [info] Added views:workbench.view.search in workbench.view.search
2024-05-18 17:02:36.781 [info] Added views:timeline in workbench.view.explorer
2024-05-18 17:02:36.781 [info] Added views:workbench.explorer.openEditorsView,workbench.explorer.emptyView in workbench.view.explorer
2024-05-18 17:02:38.269 [info] Added views:workbench.debug.welcome in workbench.view.debug
2024-05-18 17:02:39.830 [info] Added views:~remote.forwardedPorts in ~remote.forwardedPortsContainer
2024-05-18 17:02:39.915 [info] Added views:workbench.panel.repl.view in workbench.panel.repl
2024-05-18 17:03:24.667 [info] Added views:workbench.panel.markers.view in workbench.panel.markers
2024-05-18 17:03:24.667 [info] Added views:workbench.panel.output in workbench.panel.output
2024-05-18 17:03:24.667 [info] Added views:terminal in terminal
2024-05-18 17:03:24.667 [info] Added views:outline in workbench.view.explorer
2024-05-18 17:03:24.667 [info] Added views:workbench.scm in workbench.view.scm
2024-05-18 17:03:24.667 [info] Added views:workbench.view.search in workbench.view.search
2024-05-18 17:03:24.667 [info] Added views:timeline in workbench.view.explorer
2024-05-18 17:03:24.667 [info] Added views:workbench.explorer.openEditorsView,workbench.explorer.fileView in workbench.view.explorer
2024-05-18 17:03:25.218 [info] Added views:workbench.debug.welcome in workbench.view.debug
2024-05-18 17:03:25.492 [info] Added views:workbench.panel.repl.view in workbench.panel.repl
2024-05-18 17:03:30.392 [info] Added views:~remote.forwardedPorts in ~remote.forwardedPortsContainer
