2024-05-17 21:55:27.715 [info] Reading sessions from keychain...
2024-05-17 21:55:27.715 [info] Getting sessions for all scopes...
2024-05-17 21:55:27.715 [info] Getting sessions for all scopes...
2024-05-17 21:55:27.715 [info] Got stored sessions!
2024-05-17 21:55:27.715 [info] Got 1 verified sessions.
2024-05-17 21:55:27.715 [info] Got 1 sessions for ...
2024-05-17 21:55:27.715 [info] Got 1 sessions for ...
2024-05-17 21:55:27.715 [info] Getting sessions for read:user,repo,user:email,workflow...
2024-05-17 21:55:27.715 [info] Got 1 sessions for read:user,repo,user:email,workflow...
2024-05-17 21:55:28.220 [info] Getting sessions for read:user,repo,user:email,workflow...
2024-05-17 21:55:28.220 [info] Got 1 sessions for read:user,repo,user:email,workflow...
2024-05-17 21:55:28.448 [info] Getting sessions for all scopes...
2024-05-17 21:55:28.448 [info] Got 1 sessions for ...
2024-05-17 21:55:54.704 [info] Reading sessions from keychain...
2024-05-17 21:55:54.704 [info] Getting sessions for all scopes...
2024-05-17 21:55:54.704 [info] Getting sessions for all scopes...
2024-05-17 21:55:54.727 [info] Getting sessions for read:user,repo,user:email,workflow...
2024-05-17 21:55:54.727 [info] Got stored sessions!
2024-05-17 21:55:54.727 [info] Got 1 verified sessions.
2024-05-17 21:55:54.727 [info] Got 1 sessions for ...
2024-05-17 21:55:54.727 [info] Got 1 sessions for ...
2024-05-17 21:55:54.728 [info] Got 1 sessions for read:user,repo,user:email,workflow...
2024-05-17 21:55:54.804 [info] Getting sessions for all scopes...
2024-05-17 21:55:54.804 [info] Got 1 sessions for ...
2024-05-17 21:55:55.182 [info] Getting sessions for read:user,repo,user:email,workflow...
2024-05-17 21:55:55.182 [info] Got 1 sessions for read:user,repo,user:email,workflow...
