2024-05-17 21:55:24.462 [info] Added views:workbench.panel.markers.view in workbench.panel.markers
2024-05-17 21:55:24.462 [info] Added views:workbench.panel.output in workbench.panel.output
2024-05-17 21:55:24.462 [info] Added views:terminal in terminal
2024-05-17 21:55:24.462 [info] Added views:outline in workbench.view.explorer
2024-05-17 21:55:24.462 [info] Added views:workbench.scm in workbench.view.scm
2024-05-17 21:55:24.462 [info] Added views:workbench.view.search in workbench.view.search
2024-05-17 21:55:24.463 [info] Added views:timeline in workbench.view.explorer
2024-05-17 21:55:24.463 [info] Added views:workbench.explorer.openEditorsView,workbench.explorer.fileView in workbench.view.explorer
2024-05-17 21:55:24.824 [info] Added views:workbench.debug.welcome in workbench.view.debug
2024-05-17 21:55:25.741 [info] Added views:workbench.panel.repl.view in workbench.panel.repl
2024-05-17 21:55:26.365 [info] Added views:workbench.view.testing in workbench.view.extension.test
2024-05-17 21:55:26.443 [info] Added views:dartDependencyTree in workbench.view.explorer
2024-05-17 21:55:26.961 [info] Added views:~remote.forwardedPorts in ~remote.forwardedPortsContainer
2024-05-17 21:55:52.733 [info] Removed views:workbench.view.testing from workbench.view.extension.test
2024-05-17 21:55:53.247 [info] Added views:workbench.panel.markers.view in workbench.panel.markers
2024-05-17 21:55:53.247 [info] Added views:workbench.panel.output in workbench.panel.output
2024-05-17 21:55:53.247 [info] Added views:terminal in terminal
2024-05-17 21:55:53.247 [info] Added views:outline in workbench.view.explorer
2024-05-17 21:55:53.247 [info] Added views:workbench.scm in workbench.view.scm
2024-05-17 21:55:53.247 [info] Added views:workbench.view.search in workbench.view.search
2024-05-17 21:55:53.247 [info] Added views:timeline in workbench.view.explorer
2024-05-17 21:55:53.247 [info] Added views:workbench.explorer.openEditorsView,workbench.explorer.fileView in workbench.view.explorer
2024-05-17 21:55:53.868 [info] Added views:workbench.debug.variablesView,workbench.debug.watchExpressionsView,workbench.debug.callStackView,workbench.debug.breakPointsView in workbench.view.debug
2024-05-17 21:55:53.913 [info] Added views:workbench.panel.repl.view in workbench.panel.repl
2024-05-17 21:55:53.915 [info] Removed views:workbench.debug.breakPointsView,workbench.debug.callStackView,workbench.debug.watchExpressionsView,workbench.debug.variablesView from workbench.view.debug
2024-05-17 21:55:53.915 [info] Added views:workbench.debug.welcome in workbench.view.debug
2024-05-17 21:55:54.148 [info] Added views:~remote.forwardedPorts in ~remote.forwardedPortsContainer
2024-05-17 21:55:58.890 [info] Added views:workbench.views.extensions.installed,workbench.views.extensions.popular,extensions.recommendedList in workbench.view.extensions
2024-05-17 21:55:58.891 [info] Removed views:workbench.views.extensions.popular from workbench.view.extensions
2024-05-17 21:56:23.975 [info] Removed views:extensions.recommendedList,workbench.views.extensions.installed from workbench.view.extensions
2024-05-17 21:56:23.984 [info] Added views:workbench.views.extensions.marketplace in workbench.view.extensions
2024-05-17 21:56:24.266 [info] Removed views:workbench.views.extensions.marketplace from workbench.view.extensions
2024-05-17 21:56:24.276 [info] Added views:workbench.views.extensions.installed,extensions.recommendedList in workbench.view.extensions
2024-05-17 21:56:26.414 [info] Removed views:extensions.recommendedList,workbench.views.extensions.installed from workbench.view.extensions
2024-05-17 21:56:26.421 [info] Added views:workbench.views.extensions.marketplace in workbench.view.extensions
2024-05-17 22:00:21.475 [info] Removed views:workbench.views.extensions.marketplace from workbench.view.extensions
2024-05-17 22:00:21.494 [info] Added views:workbench.views.extensions.installed,extensions.recommendedList in workbench.view.extensions
2024-05-17 22:00:22.798 [info] Removed views:extensions.recommendedList,workbench.views.extensions.installed from workbench.view.extensions
2024-05-17 22:00:22.806 [info] Added views:workbench.views.extensions.marketplace in workbench.view.extensions
2024-05-17 22:00:24.066 [info] Removed views:workbench.views.extensions.marketplace from workbench.view.extensions
2024-05-17 22:00:24.076 [info] Added views:workbench.views.extensions.installed,extensions.recommendedList in workbench.view.extensions
2024-05-17 22:00:26.752 [info] Removed views:extensions.recommendedList,workbench.views.extensions.installed from workbench.view.extensions
2024-05-17 22:00:26.758 [info] Added views:workbench.views.extensions.marketplace in workbench.view.extensions
2024-05-17 22:00:46.846 [info] Removed views:workbench.views.extensions.marketplace from workbench.view.extensions
2024-05-17 22:00:46.855 [info] Added views:workbench.views.extensions.installed,extensions.recommendedList in workbench.view.extensions
2024-05-17 22:11:14.752 [info] Removed views:extensions.recommendedList,workbench.views.extensions.installed from workbench.view.extensions
2024-05-17 22:11:14.760 [info] Added views:workbench.views.extensions.marketplace in workbench.view.extensions
2024-05-17 22:12:18.490 [info] Removed views:workbench.views.extensions.marketplace from workbench.view.extensions
2024-05-17 22:12:18.501 [info] Added views:workbench.views.extensions.installed,extensions.recommendedList in workbench.view.extensions
