2024-05-18 17:12:51.390 [info] Reading sessions from keychain...
2024-05-18 17:12:51.390 [info] Getting sessions for all scopes...
2024-05-18 17:12:51.390 [info] Getting sessions for all scopes...
2024-05-18 17:12:51.487 [info] Getting sessions for read:user,repo,user:email,workflow...
2024-05-18 17:12:51.491 [info] Got stored sessions!
2024-05-18 17:12:51.492 [info] Got 1 verified sessions.
2024-05-18 17:12:51.492 [info] Got 1 sessions for ...
2024-05-18 17:12:51.492 [info] Got 1 sessions for ...
2024-05-18 17:12:51.492 [info] Got 1 sessions for read:user,repo,user:email,workflow...
2024-05-18 17:12:52.127 [info] Getting sessions for all scopes...
2024-05-18 17:12:52.127 [info] Got 1 sessions for ...
2024-05-18 17:12:52.128 [info] Getting sessions for all scopes...
2024-05-18 17:12:52.128 [info] Got 1 sessions for ...
2024-05-18 17:12:52.797 [info] Getting sessions for read:user,repo,user:email,workflow...
2024-05-18 17:12:52.797 [info] Got 1 sessions for read:user,repo,user:email,workflow...
2024-05-18 17:13:42.615 [info] Getting sessions for read:user,repo,user:email,workflow...
2024-05-18 17:13:42.615 [info] Got 1 sessions for read:user,repo,user:email,workflow...
2024-05-18 17:13:46.898 [info] Getting sessions for read:user,repo,user:email,workflow...
2024-05-18 17:13:46.898 [info] Got 1 sessions for read:user,repo,user:email,workflow...
2024-05-18 17:17:44.831 [info] Getting sessions for read:user,repo,user:email,workflow...
2024-05-18 17:17:44.831 [info] Got 1 sessions for read:user,repo,user:email,workflow...
2024-05-18 17:17:45.939 [info] Getting sessions for read:user,repo,user:email,workflow...
2024-05-18 17:17:45.939 [info] Got 1 sessions for read:user,repo,user:email,workflow...
