2024-05-18 16:39:12.288 [info] Log level: Info
2024-05-18 16:39:12.289 [info] Validating found git in: "git"
2024-05-18 16:39:12.289 [info] Using git "2.45.1" from "git"
2024-05-18 16:39:12.289 [info] > git rev-parse --show-toplevel [16ms]
2024-05-18 16:39:12.289 [info] > git rev-parse --git-dir --git-common-dir [8ms]
2024-05-18 16:39:12.289 [info] Open repository: /home/davidlevy/projects/faculdade/recycle-react
2024-05-18 16:39:12.339 [info] > git config --get commit.template [29ms]
2024-05-18 16:39:12.346 [info] > git rev-parse --show-toplevel [28ms]
2024-05-18 16:39:12.447 [info] > git rev-parse --show-toplevel [40ms]
2024-05-18 16:39:12.447 [info] > git for-each-ref --format=%(refname)%00%(upstream:short)%00%(objectname)%00%(upstream:track)%00%(upstream:remotename)%00%(upstream:remoteref) refs/heads/main refs/remotes/main [63ms]
2024-05-18 16:39:12.524 [warning] ENOENT: no such file or directory, open '/home/davidlevy/projects/faculdade/recycle-react/.git/refs/remotes/origin/main'
2024-05-18 16:39:12.526 [info] > git rev-parse --show-toplevel [38ms]
2024-05-18 16:39:12.550 [info] > git rev-parse --show-toplevel [2ms]
2024-05-18 16:39:12.550 [info] > git rev-parse refs/remotes/origin/main [26ms]
2024-05-18 16:39:12.562 [info] > git status -z -uall [7ms]
2024-05-18 16:39:12.633 [info] > git merge-base refs/heads/main refs/remotes/origin/main [47ms]
2024-05-18 16:39:12.673 [info] > git rev-list --count --left-right refs/heads/main...refs/remotes/origin/main [28ms]
2024-05-18 16:39:12.692 [info] > git config --get commit.template [74ms]
2024-05-18 16:39:12.721 [info] > git diff --name-status -z --diff-filter=ADMR 9fa9ea73991174a0175b98eaf708bdb625d768b6...refs/remotes/origin/main [30ms]
2024-05-18 16:39:12.812 [info] > git for-each-ref --format=%(refname)%00%(upstream:short)%00%(objectname)%00%(upstream:track)%00%(upstream:remotename)%00%(upstream:remoteref) refs/heads/main refs/remotes/main [76ms]
2024-05-18 16:39:12.828 [warning] ENOENT: no such file or directory, open '/home/davidlevy/projects/faculdade/recycle-react/.git/refs/remotes/origin/main'
2024-05-18 16:39:12.864 [info] > git rev-parse refs/remotes/origin/main [36ms]
2024-05-18 16:39:12.882 [info] > git status -z -uall [3ms]
2024-05-18 16:39:14.177 [info] > git check-ignore -v -z --stdin [866ms]
2024-05-18 16:39:16.005 [info] > git show --textconv :src/api/UsersService.js [19ms]
2024-05-18 16:39:16.005 [info] > git ls-files --stage -- /home/davidlevy/projects/faculdade/recycle-react/src/api/UsersService.js [7ms]
