2024-05-01 20:53:05.915 [info] Added views:workbench.panel.markers.view in workbench.panel.markers
2024-05-01 20:53:05.915 [info] Added views:workbench.panel.output in workbench.panel.output
2024-05-01 20:53:05.915 [info] Added views:terminal in terminal
2024-05-01 20:53:05.915 [info] Added views:outline in workbench.view.explorer
2024-05-01 20:53:05.915 [info] Added views:workbench.scm in workbench.view.scm
2024-05-01 20:53:05.915 [info] Added views:workbench.view.search in workbench.view.search
2024-05-01 20:53:05.915 [info] Added views:timeline in workbench.view.explorer
2024-05-01 20:53:05.915 [info] Added views:workbench.explorer.openEditorsView,workbench.explorer.fileView in workbench.view.explorer
2024-05-01 20:53:06.399 [info] Added views:workbench.debug.welcome in workbench.view.debug
2024-05-01 20:53:06.463 [info] Added views:workbench.panel.repl.view in workbench.panel.repl
2024-05-01 20:53:07.371 [info] Added views:workbench.view.testing in workbench.view.extension.test
2024-05-01 20:53:07.415 [info] Added views:dartDependencyTree in workbench.view.explorer
2024-05-01 20:53:07.422 [info] Added views:dartFlutterSidebar,dartFlutterOutline in workbench.view.extension.flutter
2024-05-01 20:53:08.981 [info] Added views:~remote.forwardedPorts in ~remote.forwardedPortsContainer
2024-05-01 20:56:15.266 [info] Removed views:workbench.view.testing from workbench.view.extension.test
2024-05-01 20:56:18.215 [info] Added views:workbench.panel.markers.view in workbench.panel.markers
2024-05-01 20:56:18.215 [info] Added views:workbench.panel.output in workbench.panel.output
2024-05-01 20:56:18.215 [info] Added views:terminal in terminal
2024-05-01 20:56:18.215 [info] Added views:outline in workbench.view.explorer
2024-05-01 20:56:18.215 [info] Added views:workbench.scm in workbench.view.scm
2024-05-01 20:56:18.215 [info] Added views:workbench.view.search in workbench.view.search
2024-05-01 20:56:18.215 [info] Added views:timeline in workbench.view.explorer
2024-05-01 20:56:18.215 [info] Added views:workbench.explorer.openEditorsView,workbench.explorer.fileView in workbench.view.explorer
2024-05-01 20:56:18.743 [info] Added views:workbench.debug.variablesView,workbench.debug.watchExpressionsView,workbench.debug.callStackView,workbench.debug.breakPointsView in workbench.view.debug
2024-05-01 20:56:18.787 [info] Added views:workbench.panel.repl.view in workbench.panel.repl
2024-05-01 20:56:18.789 [info] Removed views:workbench.debug.breakPointsView,workbench.debug.callStackView,workbench.debug.watchExpressionsView,workbench.debug.variablesView from workbench.view.debug
2024-05-01 20:56:18.789 [info] Added views:workbench.debug.welcome in workbench.view.debug
2024-05-01 20:56:18.940 [info] Added views:~remote.forwardedPorts in ~remote.forwardedPortsContainer
2024-05-01 20:56:19.290 [info] Added views:workbench.view.testing in workbench.view.extension.test
2024-05-01 20:56:19.363 [info] Added views:dartDependencyTree in workbench.view.explorer
2024-05-01 20:58:52.840 [info] Removed views:workbench.view.testing from workbench.view.extension.test
