2024-05-17 21:55:25.511 [info] Extension host with pid 3188924 started
2024-05-17 21:55:25.511 [info] Skipping acquiring lock for /home/davidlevy/.config/Code/User/workspaceStorage/afadbf7279d530745f2cd50953284450.
2024-05-17 21:55:25.739 [info] ExtensionService#_doActivateExtension vscode.emmet, startup: false, activationEvent: 'onLanguage'
2024-05-17 21:55:25.761 [info] ExtensionService#_doActivateExtension Dart-Code.dart-code, startup: false, activationEvent: 'onLanguage:dart'
2024-05-17 21:55:26.455 [info] ExtensionService#_doActivateExtension vscode.git-base, startup: true, activationEvent: '*', root cause: vscode.git
2024-05-17 21:55:26.771 [info] ExtensionService#_doActivateExtension vscode.git, startup: true, activationEvent: '*'
2024-05-17 21:55:26.930 [info] ExtensionService#_doActivateExtension vscode.github, startup: true, activationEvent: '*'
2024-05-17 21:55:27.132 [info] Eager extensions activated
2024-05-17 21:55:27.261 [info] ExtensionService#_doActivateExtension vscode.debug-auto-launch, startup: false, activationEvent: 'onStartupFinished'
2024-05-17 21:55:27.266 [info] ExtensionService#_doActivateExtension vscode.merge-conflict, startup: false, activationEvent: 'onStartupFinished'
2024-05-17 21:55:27.325 [info] ExtensionService#_doActivateExtension Catppuccin.catppuccin-vsc, startup: false, activationEvent: 'onStartupFinished'
2024-05-17 21:55:27.334 [info] ExtensionService#_doActivateExtension monokai.theme-monokai-pro-vscode, startup: false, activationEvent: 'onStartupFinished'
2024-05-17 21:55:27.346 [info] ExtensionService#_doActivateExtension mskelton.one-dark-theme, startup: false, activationEvent: 'onStartupFinished'
2024-05-17 21:55:27.621 [info] ExtensionService#_doActivateExtension vscode.github-authentication, startup: false, activationEvent: 'onAuthenticationRequest:github'
2024-05-17 21:55:52.728 [info] Extension host terminating: renderer closed the MessagePort
2024-05-17 21:55:52.754 [error] Canceled: Canceled
	at new O (/opt/visual-studio-code/resources/app/out/vs/workbench/api/node/extensionHostProcess.js:143:47131)
	at c.U (/opt/visual-studio-code/resources/app/out/vs/workbench/api/node/extensionHostProcess.js:150:5542)
	at F.<computed>.z.charCodeAt.F.<computed> (/opt/visual-studio-code/resources/app/out/vs/workbench/api/node/extensionHostProcess.js:150:2993)
	at r.g (/opt/visual-studio-code/resources/app/out/vs/workbench/api/node/extensionHostProcess.js:153:188926)
	at r.executeCommand (/opt/visual-studio-code/resources/app/out/vs/workbench/api/node/extensionHostProcess.js:153:188364)
	at k.registerCommand.description (/opt/visual-studio-code/resources/app/out/vs/workbench/api/node/extensionHostProcess.js:153:187688)
	at r.h (/opt/visual-studio-code/resources/app/out/vs/workbench/api/node/extensionHostProcess.js:153:189465)
	at r.g (/opt/visual-studio-code/resources/app/out/vs/workbench/api/node/extensionHostProcess.js:153:188457)
	at r.executeCommand (/opt/visual-studio-code/resources/app/out/vs/workbench/api/node/extensionHostProcess.js:153:188364)
	at Object.executeCommand (/opt/visual-studio-code/resources/app/out/vs/workbench/api/node/extensionHostProcess.js:163:22673)
	at a.O [as value] (/opt/visual-studio-code/resources/app/extensions/git/dist/main.js:2:945138)
	at o.y (/opt/visual-studio-code/resources/app/out/vs/workbench/api/node/extensionHostProcess.js:82:660)
	at o.z (/opt/visual-studio-code/resources/app/out/vs/workbench/api/node/extensionHostProcess.js:82:730)
	at o.fire (/opt/visual-studio-code/resources/app/out/vs/workbench/api/node/extensionHostProcess.js:82:946)
	at Object.p [as dispose] (/opt/visual-studio-code/resources/app/extensions/git/dist/main.js:2:964222)
	at /opt/visual-studio-code/resources/app/extensions/git/dist/main.js:2:970260
	at Array.forEach (<anonymous>)
	at f.dispose (/opt/visual-studio-code/resources/app/extensions/git/dist/main.js:2:970246)
	at h.<anonymous> (/opt/visual-studio-code/resources/app/out/vs/workbench/api/node/extensionHostProcess.js:151:3955)
	at h.dispose (/opt/visual-studio-code/resources/app/out/vs/workbench/api/node/extensionHostProcess.js:151:4052)
	at h.<anonymous> (/opt/visual-studio-code/resources/app/extensions/git/dist/main.js:2:947395)
	at h.dispose (/opt/visual-studio-code/resources/app/out/vs/workbench/api/node/extensionHostProcess.js:151:4052)
	at a (/opt/visual-studio-code/resources/app/out/vs/workbench/api/node/extensionHostProcess.js:30:744)
	at f.eb (/opt/visual-studio-code/resources/app/out/vs/workbench/api/node/extensionHostProcess.js:159:9975)
	at /opt/visual-studio-code/resources/app/out/vs/workbench/api/node/extensionHostProcess.js:159:7824
	at Array.map (<anonymous>)
	at f.$ (/opt/visual-studio-code/resources/app/out/vs/workbench/api/node/extensionHostProcess.js:159:7811)
	at f.terminate (/opt/visual-studio-code/resources/app/out/vs/workbench/api/node/extensionHostProcess.js:159:8085)
	at a.terminate (/opt/visual-studio-code/resources/app/out/vs/workbench/api/node/extensionHostProcess.js:163:1513)
	at t (/opt/visual-studio-code/resources/app/out/vs/workbench/api/node/extensionHostProcess.js:176:9922)
	at MessagePortMain.<anonymous> (/opt/visual-studio-code/resources/app/out/vs/workbench/api/node/extensionHostProcess.js:176:6347)
	at MessagePortMain.emit (node:events:517:28)
	at MessagePortMain._internalPort.emit (node:electron/js2c/utility_init:2:2285) setContext undefined
2024-05-17 21:55:52.756 [error] Canceled: Canceled
	at new O (/opt/visual-studio-code/resources/app/out/vs/workbench/api/node/extensionHostProcess.js:143:47131)
	at c.U (/opt/visual-studio-code/resources/app/out/vs/workbench/api/node/extensionHostProcess.js:150:5542)
	at F.<computed>.z.charCodeAt.F.<computed> (/opt/visual-studio-code/resources/app/out/vs/workbench/api/node/extensionHostProcess.js:150:2993)
	at r.g (/opt/visual-studio-code/resources/app/out/vs/workbench/api/node/extensionHostProcess.js:153:188926)
	at r.executeCommand (/opt/visual-studio-code/resources/app/out/vs/workbench/api/node/extensionHostProcess.js:153:188364)
	at k.registerCommand.description (/opt/visual-studio-code/resources/app/out/vs/workbench/api/node/extensionHostProcess.js:153:187688)
	at r.h (/opt/visual-studio-code/resources/app/out/vs/workbench/api/node/extensionHostProcess.js:153:189465)
	at r.g (/opt/visual-studio-code/resources/app/out/vs/workbench/api/node/extensionHostProcess.js:153:188457)
	at r.executeCommand (/opt/visual-studio-code/resources/app/out/vs/workbench/api/node/extensionHostProcess.js:153:188364)
	at Object.executeCommand (/opt/visual-studio-code/resources/app/out/vs/workbench/api/node/extensionHostProcess.js:163:22673)
	at set hasGitHubRepositories [as hasGitHubRepositories] (/opt/visual-studio-code/resources/app/extensions/github/dist/extension.js:2:322969)
	at /opt/visual-studio-code/resources/app/extensions/github/dist/extension.js:2:323928
	at a.value (/opt/visual-studio-code/resources/app/extensions/git/dist/main.js:2:1050711)
	at o.y (/opt/visual-studio-code/resources/app/out/vs/workbench/api/node/extensionHostProcess.js:82:660)
	at o.z (/opt/visual-studio-code/resources/app/out/vs/workbench/api/node/extensionHostProcess.js:82:730)
	at o.fire (/opt/visual-studio-code/resources/app/out/vs/workbench/api/node/extensionHostProcess.js:82:946)
	at Object.p [as dispose] (/opt/visual-studio-code/resources/app/extensions/git/dist/main.js:2:964222)
	at /opt/visual-studio-code/resources/app/extensions/git/dist/main.js:2:970260
	at Array.forEach (<anonymous>)
	at f.dispose (/opt/visual-studio-code/resources/app/extensions/git/dist/main.js:2:970246)
	at h.<anonymous> (/opt/visual-studio-code/resources/app/out/vs/workbench/api/node/extensionHostProcess.js:151:3955)
	at h.dispose (/opt/visual-studio-code/resources/app/out/vs/workbench/api/node/extensionHostProcess.js:151:4052)
	at h.<anonymous> (/opt/visual-studio-code/resources/app/extensions/git/dist/main.js:2:947395)
	at h.dispose (/opt/visual-studio-code/resources/app/out/vs/workbench/api/node/extensionHostProcess.js:151:4052)
	at a (/opt/visual-studio-code/resources/app/out/vs/workbench/api/node/extensionHostProcess.js:30:744)
	at f.eb (/opt/visual-studio-code/resources/app/out/vs/workbench/api/node/extensionHostProcess.js:159:9975)
	at /opt/visual-studio-code/resources/app/out/vs/workbench/api/node/extensionHostProcess.js:159:7824
	at Array.map (<anonymous>)
	at f.$ (/opt/visual-studio-code/resources/app/out/vs/workbench/api/node/extensionHostProcess.js:159:7811)
	at f.terminate (/opt/visual-studio-code/resources/app/out/vs/workbench/api/node/extensionHostProcess.js:159:8085)
	at a.terminate (/opt/visual-studio-code/resources/app/out/vs/workbench/api/node/extensionHostProcess.js:163:1513)
	at t (/opt/visual-studio-code/resources/app/out/vs/workbench/api/node/extensionHostProcess.js:176:9922)
	at MessagePortMain.<anonymous> (/opt/visual-studio-code/resources/app/out/vs/workbench/api/node/extensionHostProcess.js:176:6347)
	at MessagePortMain.emit (node:events:517:28)
	at MessagePortMain._internalPort.emit (node:electron/js2c/utility_init:2:2285) setContext undefined
2024-05-17 21:55:52.760 [error] Canceled: Canceled
	at new O (/opt/visual-studio-code/resources/app/out/vs/workbench/api/node/extensionHostProcess.js:143:47131)
	at c.U (/opt/visual-studio-code/resources/app/out/vs/workbench/api/node/extensionHostProcess.js:150:5542)
	at F.<computed>.z.charCodeAt.F.<computed> (/opt/visual-studio-code/resources/app/out/vs/workbench/api/node/extensionHostProcess.js:150:2993)
	at r.g (/opt/visual-studio-code/resources/app/out/vs/workbench/api/node/extensionHostProcess.js:153:188926)
	at r.executeCommand (/opt/visual-studio-code/resources/app/out/vs/workbench/api/node/extensionHostProcess.js:153:188364)
	at k.registerCommand.description (/opt/visual-studio-code/resources/app/out/vs/workbench/api/node/extensionHostProcess.js:153:187688)
	at r.h (/opt/visual-studio-code/resources/app/out/vs/workbench/api/node/extensionHostProcess.js:153:189465)
	at r.g (/opt/visual-studio-code/resources/app/out/vs/workbench/api/node/extensionHostProcess.js:153:188457)
	at r.executeCommand (/opt/visual-studio-code/resources/app/out/vs/workbench/api/node/extensionHostProcess.js:153:188364)
	at Object.executeCommand (/opt/visual-studio-code/resources/app/out/vs/workbench/api/node/extensionHostProcess.js:163:22673)
	at setCommandVisiblity (/home/davidlevy/.vscode/extensions/dart-code.dart-code-3.86.0/out/dist/extension.js:14305:22)
	at Object.<anonymous> (/home/davidlevy/.vscode/extensions/dart-code.dart-code-3.86.0/out/dist/extension.js:14287:9)
	at Generator.next (<anonymous>)
	at /home/davidlevy/.vscode/extensions/dart-code.dart-code-3.86.0/out/dist/extension.js:13412:71
	at new Promise (<anonymous>)
	at __webpack_modules__.1892.__awaiter (/home/davidlevy/.vscode/extensions/dart-code.dart-code-3.86.0/out/dist/extension.js:13408:12)
	at Object.deactivate (/home/davidlevy/.vscode/extensions/dart-code.dart-code-3.86.0/out/dist/extension.js:14286:12)
	at f.eb (/opt/visual-studio-code/resources/app/out/vs/workbench/api/node/extensionHostProcess.js:159:9780)
	at /opt/visual-studio-code/resources/app/out/vs/workbench/api/node/extensionHostProcess.js:159:7824
	at Array.map (<anonymous>)
	at f.$ (/opt/visual-studio-code/resources/app/out/vs/workbench/api/node/extensionHostProcess.js:159:7811)
	at f.terminate (/opt/visual-studio-code/resources/app/out/vs/workbench/api/node/extensionHostProcess.js:159:8085)
	at a.terminate (/opt/visual-studio-code/resources/app/out/vs/workbench/api/node/extensionHostProcess.js:163:1513)
	at t (/opt/visual-studio-code/resources/app/out/vs/workbench/api/node/extensionHostProcess.js:176:9922)
	at MessagePortMain.<anonymous> (/opt/visual-studio-code/resources/app/out/vs/workbench/api/node/extensionHostProcess.js:176:6347)
	at MessagePortMain.emit (node:events:517:28)
	at MessagePortMain._internalPort.emit (node:electron/js2c/utility_init:2:2285) setContext undefined
2024-05-17 21:55:52.760 [error] Canceled: Canceled
	at new O (/opt/visual-studio-code/resources/app/out/vs/workbench/api/node/extensionHostProcess.js:143:47131)
	at c.U (/opt/visual-studio-code/resources/app/out/vs/workbench/api/node/extensionHostProcess.js:150:5542)
	at F.<computed>.z.charCodeAt.F.<computed> (/opt/visual-studio-code/resources/app/out/vs/workbench/api/node/extensionHostProcess.js:150:2993)
	at r.g (/opt/visual-studio-code/resources/app/out/vs/workbench/api/node/extensionHostProcess.js:153:188926)
	at r.executeCommand (/opt/visual-studio-code/resources/app/out/vs/workbench/api/node/extensionHostProcess.js:153:188364)
	at k.registerCommand.description (/opt/visual-studio-code/resources/app/out/vs/workbench/api/node/extensionHostProcess.js:153:187688)
	at r.h (/opt/visual-studio-code/resources/app/out/vs/workbench/api/node/extensionHostProcess.js:153:189465)
	at r.g (/opt/visual-studio-code/resources/app/out/vs/workbench/api/node/extensionHostProcess.js:153:188457)
	at r.executeCommand (/opt/visual-studio-code/resources/app/out/vs/workbench/api/node/extensionHostProcess.js:153:188364)
	at Object.executeCommand (/opt/visual-studio-code/resources/app/out/vs/workbench/api/node/extensionHostProcess.js:163:22673)
	at setCommandVisiblity (/home/davidlevy/.vscode/extensions/dart-code.dart-code-3.86.0/out/dist/extension.js:14306:22)
	at Object.<anonymous> (/home/davidlevy/.vscode/extensions/dart-code.dart-code-3.86.0/out/dist/extension.js:14287:9)
	at Generator.next (<anonymous>)
	at /home/davidlevy/.vscode/extensions/dart-code.dart-code-3.86.0/out/dist/extension.js:13412:71
	at new Promise (<anonymous>)
	at __webpack_modules__.1892.__awaiter (/home/davidlevy/.vscode/extensions/dart-code.dart-code-3.86.0/out/dist/extension.js:13408:12)
	at Object.deactivate (/home/davidlevy/.vscode/extensions/dart-code.dart-code-3.86.0/out/dist/extension.js:14286:12)
	at f.eb (/opt/visual-studio-code/resources/app/out/vs/workbench/api/node/extensionHostProcess.js:159:9780)
	at /opt/visual-studio-code/resources/app/out/vs/workbench/api/node/extensionHostProcess.js:159:7824
	at Array.map (<anonymous>)
	at f.$ (/opt/visual-studio-code/resources/app/out/vs/workbench/api/node/extensionHostProcess.js:159:7811)
	at f.terminate (/opt/visual-studio-code/resources/app/out/vs/workbench/api/node/extensionHostProcess.js:159:8085)
	at a.terminate (/opt/visual-studio-code/resources/app/out/vs/workbench/api/node/extensionHostProcess.js:163:1513)
	at t (/opt/visual-studio-code/resources/app/out/vs/workbench/api/node/extensionHostProcess.js:176:9922)
	at MessagePortMain.<anonymous> (/opt/visual-studio-code/resources/app/out/vs/workbench/api/node/extensionHostProcess.js:176:6347)
	at MessagePortMain.emit (node:events:517:28)
	at MessagePortMain._internalPort.emit (node:electron/js2c/utility_init:2:2285) setContext undefined
2024-05-17 21:55:52.761 [error] Canceled: Canceled
	at new O (/opt/visual-studio-code/resources/app/out/vs/workbench/api/node/extensionHostProcess.js:143:47131)
	at c.U (/opt/visual-studio-code/resources/app/out/vs/workbench/api/node/extensionHostProcess.js:150:5542)
	at F.<computed>.z.charCodeAt.F.<computed> (/opt/visual-studio-code/resources/app/out/vs/workbench/api/node/extensionHostProcess.js:150:2993)
	at r.g (/opt/visual-studio-code/resources/app/out/vs/workbench/api/node/extensionHostProcess.js:153:188926)
	at r.executeCommand (/opt/visual-studio-code/resources/app/out/vs/workbench/api/node/extensionHostProcess.js:153:188364)
	at k.registerCommand.description (/opt/visual-studio-code/resources/app/out/vs/workbench/api/node/extensionHostProcess.js:153:187688)
	at r.h (/opt/visual-studio-code/resources/app/out/vs/workbench/api/node/extensionHostProcess.js:153:189465)
	at r.g (/opt/visual-studio-code/resources/app/out/vs/workbench/api/node/extensionHostProcess.js:153:188457)
	at r.executeCommand (/opt/visual-studio-code/resources/app/out/vs/workbench/api/node/extensionHostProcess.js:153:188364)
	at Object.executeCommand (/opt/visual-studio-code/resources/app/out/vs/workbench/api/node/extensionHostProcess.js:163:22673)
	at setCommandVisiblity (/home/davidlevy/.vscode/extensions/dart-code.dart-code-3.86.0/out/dist/extension.js:14307:22)
	at Object.<anonymous> (/home/davidlevy/.vscode/extensions/dart-code.dart-code-3.86.0/out/dist/extension.js:14287:9)
	at Generator.next (<anonymous>)
	at /home/davidlevy/.vscode/extensions/dart-code.dart-code-3.86.0/out/dist/extension.js:13412:71
	at new Promise (<anonymous>)
	at __webpack_modules__.1892.__awaiter (/home/davidlevy/.vscode/extensions/dart-code.dart-code-3.86.0/out/dist/extension.js:13408:12)
	at Object.deactivate (/home/davidlevy/.vscode/extensions/dart-code.dart-code-3.86.0/out/dist/extension.js:14286:12)
	at f.eb (/opt/visual-studio-code/resources/app/out/vs/workbench/api/node/extensionHostProcess.js:159:9780)
	at /opt/visual-studio-code/resources/app/out/vs/workbench/api/node/extensionHostProcess.js:159:7824
	at Array.map (<anonymous>)
	at f.$ (/opt/visual-studio-code/resources/app/out/vs/workbench/api/node/extensionHostProcess.js:159:7811)
	at f.terminate (/opt/visual-studio-code/resources/app/out/vs/workbench/api/node/extensionHostProcess.js:159:8085)
	at a.terminate (/opt/visual-studio-code/resources/app/out/vs/workbench/api/node/extensionHostProcess.js:163:1513)
	at t (/opt/visual-studio-code/resources/app/out/vs/workbench/api/node/extensionHostProcess.js:176:9922)
	at MessagePortMain.<anonymous> (/opt/visual-studio-code/resources/app/out/vs/workbench/api/node/extensionHostProcess.js:176:6347)
	at MessagePortMain.emit (node:events:517:28)
	at MessagePortMain._internalPort.emit (node:electron/js2c/utility_init:2:2285) setContext undefined
2024-05-17 21:55:52.761 [error] Canceled: Canceled
	at new O (/opt/visual-studio-code/resources/app/out/vs/workbench/api/node/extensionHostProcess.js:143:47131)
	at c.U (/opt/visual-studio-code/resources/app/out/vs/workbench/api/node/extensionHostProcess.js:150:5542)
	at F.<computed>.z.charCodeAt.F.<computed> (/opt/visual-studio-code/resources/app/out/vs/workbench/api/node/extensionHostProcess.js:150:2993)
	at r.g (/opt/visual-studio-code/resources/app/out/vs/workbench/api/node/extensionHostProcess.js:153:188926)
	at r.executeCommand (/opt/visual-studio-code/resources/app/out/vs/workbench/api/node/extensionHostProcess.js:153:188364)
	at k.registerCommand.description (/opt/visual-studio-code/resources/app/out/vs/workbench/api/node/extensionHostProcess.js:153:187688)
	at r.h (/opt/visual-studio-code/resources/app/out/vs/workbench/api/node/extensionHostProcess.js:153:189465)
	at r.g (/opt/visual-studio-code/resources/app/out/vs/workbench/api/node/extensionHostProcess.js:153:188457)
	at r.executeCommand (/opt/visual-studio-code/resources/app/out/vs/workbench/api/node/extensionHostProcess.js:153:188364)
	at Object.executeCommand (/opt/visual-studio-code/resources/app/out/vs/workbench/api/node/extensionHostProcess.js:163:22673)
	at setCommandVisiblity (/home/davidlevy/.vscode/extensions/dart-code.dart-code-3.86.0/out/dist/extension.js:14308:22)
	at Object.<anonymous> (/home/davidlevy/.vscode/extensions/dart-code.dart-code-3.86.0/out/dist/extension.js:14287:9)
	at Generator.next (<anonymous>)
	at /home/davidlevy/.vscode/extensions/dart-code.dart-code-3.86.0/out/dist/extension.js:13412:71
	at new Promise (<anonymous>)
	at __webpack_modules__.1892.__awaiter (/home/davidlevy/.vscode/extensions/dart-code.dart-code-3.86.0/out/dist/extension.js:13408:12)
	at Object.deactivate (/home/davidlevy/.vscode/extensions/dart-code.dart-code-3.86.0/out/dist/extension.js:14286:12)
	at f.eb (/opt/visual-studio-code/resources/app/out/vs/workbench/api/node/extensionHostProcess.js:159:9780)
	at /opt/visual-studio-code/resources/app/out/vs/workbench/api/node/extensionHostProcess.js:159:7824
	at Array.map (<anonymous>)
	at f.$ (/opt/visual-studio-code/resources/app/out/vs/workbench/api/node/extensionHostProcess.js:159:7811)
	at f.terminate (/opt/visual-studio-code/resources/app/out/vs/workbench/api/node/extensionHostProcess.js:159:8085)
	at a.terminate (/opt/visual-studio-code/resources/app/out/vs/workbench/api/node/extensionHostProcess.js:163:1513)
	at t (/opt/visual-studio-code/resources/app/out/vs/workbench/api/node/extensionHostProcess.js:176:9922)
	at MessagePortMain.<anonymous> (/opt/visual-studio-code/resources/app/out/vs/workbench/api/node/extensionHostProcess.js:176:6347)
	at MessagePortMain.emit (node:events:517:28)
	at MessagePortMain._internalPort.emit (node:electron/js2c/utility_init:2:2285) setContext undefined
2024-05-17 21:55:52.761 [error] Canceled: Canceled
	at new O (/opt/visual-studio-code/resources/app/out/vs/workbench/api/node/extensionHostProcess.js:143:47131)
	at c.U (/opt/visual-studio-code/resources/app/out/vs/workbench/api/node/extensionHostProcess.js:150:5542)
	at F.<computed>.z.charCodeAt.F.<computed> (/opt/visual-studio-code/resources/app/out/vs/workbench/api/node/extensionHostProcess.js:150:2993)
	at r.g (/opt/visual-studio-code/resources/app/out/vs/workbench/api/node/extensionHostProcess.js:153:188926)
	at r.executeCommand (/opt/visual-studio-code/resources/app/out/vs/workbench/api/node/extensionHostProcess.js:153:188364)
	at k.registerCommand.description (/opt/visual-studio-code/resources/app/out/vs/workbench/api/node/extensionHostProcess.js:153:187688)
	at r.h (/opt/visual-studio-code/resources/app/out/vs/workbench/api/node/extensionHostProcess.js:153:189465)
	at r.g (/opt/visual-studio-code/resources/app/out/vs/workbench/api/node/extensionHostProcess.js:153:188457)
	at r.executeCommand (/opt/visual-studio-code/resources/app/out/vs/workbench/api/node/extensionHostProcess.js:153:188364)
	at Object.executeCommand (/opt/visual-studio-code/resources/app/out/vs/workbench/api/node/extensionHostProcess.js:163:22673)
	at VsCodeDartToolingDaemon.dispose (/home/davidlevy/.vscode/extensions/dart-code.dart-code-3.86.0/out/dist/extension.js:12566:32)
	at a (/opt/visual-studio-code/resources/app/out/vs/workbench/api/node/extensionHostProcess.js:30:744)
	at f.eb (/opt/visual-studio-code/resources/app/out/vs/workbench/api/node/extensionHostProcess.js:159:9975)
	at /opt/visual-studio-code/resources/app/out/vs/workbench/api/node/extensionHostProcess.js:159:7824
	at Array.map (<anonymous>)
	at f.$ (/opt/visual-studio-code/resources/app/out/vs/workbench/api/node/extensionHostProcess.js:159:7811)
	at f.terminate (/opt/visual-studio-code/resources/app/out/vs/workbench/api/node/extensionHostProcess.js:159:8085)
	at a.terminate (/opt/visual-studio-code/resources/app/out/vs/workbench/api/node/extensionHostProcess.js:163:1513)
	at t (/opt/visual-studio-code/resources/app/out/vs/workbench/api/node/extensionHostProcess.js:176:9922)
	at MessagePortMain.<anonymous> (/opt/visual-studio-code/resources/app/out/vs/workbench/api/node/extensionHostProcess.js:176:6347)
	at MessagePortMain.emit (node:events:517:28)
	at MessagePortMain._internalPort.emit (node:electron/js2c/utility_init:2:2285) setContext undefined
2024-05-17 21:55:52.762 [error] Canceled: Canceled
	at new O (/opt/visual-studio-code/resources/app/out/vs/workbench/api/node/extensionHostProcess.js:143:47131)
	at c.U (/opt/visual-studio-code/resources/app/out/vs/workbench/api/node/extensionHostProcess.js:150:5542)
	at F.<computed>.z.charCodeAt.F.<computed> (/opt/visual-studio-code/resources/app/out/vs/workbench/api/node/extensionHostProcess.js:150:2993)
	at r.g (/opt/visual-studio-code/resources/app/out/vs/workbench/api/node/extensionHostProcess.js:153:188926)
	at r.executeCommand (/opt/visual-studio-code/resources/app/out/vs/workbench/api/node/extensionHostProcess.js:153:188364)
	at k.registerCommand.description (/opt/visual-studio-code/resources/app/out/vs/workbench/api/node/extensionHostProcess.js:153:187688)
	at r.h (/opt/visual-studio-code/resources/app/out/vs/workbench/api/node/extensionHostProcess.js:153:189465)
	at r.g (/opt/visual-studio-code/resources/app/out/vs/workbench/api/node/extensionHostProcess.js:153:188457)
	at r.executeCommand (/opt/visual-studio-code/resources/app/out/vs/workbench/api/node/extensionHostProcess.js:153:188364)
	at Object.executeCommand (/opt/visual-studio-code/resources/app/out/vs/workbench/api/node/extensionHostProcess.js:163:22673)
	at Object.<anonymous> (/home/davidlevy/.vscode/extensions/dart-code.dart-code-3.86.0/out/dist/extension.js:14294:26)
	at Generator.next (<anonymous>)
	at fulfilled (/home/davidlevy/.vscode/extensions/dart-code.dart-code-3.86.0/out/dist/extension.js:13409:58) setContext undefined
2024-05-17 21:55:52.762 [error] Canceled: Canceled
	at new O (/opt/visual-studio-code/resources/app/out/vs/workbench/api/node/extensionHostProcess.js:143:47131)
	at c.U (/opt/visual-studio-code/resources/app/out/vs/workbench/api/node/extensionHostProcess.js:150:5542)
	at F.<computed>.z.charCodeAt.F.<computed> (/opt/visual-studio-code/resources/app/out/vs/workbench/api/node/extensionHostProcess.js:150:2993)
	at r.g (/opt/visual-studio-code/resources/app/out/vs/workbench/api/node/extensionHostProcess.js:153:188926)
	at r.executeCommand (/opt/visual-studio-code/resources/app/out/vs/workbench/api/node/extensionHostProcess.js:153:188364)
	at k.registerCommand.description (/opt/visual-studio-code/resources/app/out/vs/workbench/api/node/extensionHostProcess.js:153:187688)
	at r.h (/opt/visual-studio-code/resources/app/out/vs/workbench/api/node/extensionHostProcess.js:153:189465)
	at r.g (/opt/visual-studio-code/resources/app/out/vs/workbench/api/node/extensionHostProcess.js:153:188457)
	at r.executeCommand (/opt/visual-studio-code/resources/app/out/vs/workbench/api/node/extensionHostProcess.js:153:188364)
	at Object.executeCommand (/opt/visual-studio-code/resources/app/out/vs/workbench/api/node/extensionHostProcess.js:163:22673)
	at Object.<anonymous> (/home/davidlevy/.vscode/extensions/dart-code.dart-code-3.86.0/out/dist/extension.js:14296:30)
	at Generator.next (<anonymous>)
	at fulfilled (/home/davidlevy/.vscode/extensions/dart-code.dart-code-3.86.0/out/dist/extension.js:13409:58) setContext undefined
2024-05-17 21:55:52.762 [error] Canceled: Canceled
	at new O (/opt/visual-studio-code/resources/app/out/vs/workbench/api/node/extensionHostProcess.js:143:47131)
	at c.U (/opt/visual-studio-code/resources/app/out/vs/workbench/api/node/extensionHostProcess.js:150:5542)
	at F.<computed>.z.charCodeAt.F.<computed> (/opt/visual-studio-code/resources/app/out/vs/workbench/api/node/extensionHostProcess.js:150:2993)
	at r.g (/opt/visual-studio-code/resources/app/out/vs/workbench/api/node/extensionHostProcess.js:153:188926)
	at r.executeCommand (/opt/visual-studio-code/resources/app/out/vs/workbench/api/node/extensionHostProcess.js:153:188364)
	at k.registerCommand.description (/opt/visual-studio-code/resources/app/out/vs/workbench/api/node/extensionHostProcess.js:153:187688)
	at r.h (/opt/visual-studio-code/resources/app/out/vs/workbench/api/node/extensionHostProcess.js:153:189465)
	at r.g (/opt/visual-studio-code/resources/app/out/vs/workbench/api/node/extensionHostProcess.js:153:188457)
	at r.executeCommand (/opt/visual-studio-code/resources/app/out/vs/workbench/api/node/extensionHostProcess.js:153:188364)
	at Object.executeCommand (/opt/visual-studio-code/resources/app/out/vs/workbench/api/node/extensionHostProcess.js:163:22673)
	at Object.<anonymous> (/home/davidlevy/.vscode/extensions/dart-code.dart-code-3.86.0/out/dist/extension.js:14297:30)
	at Generator.next (<anonymous>)
	at fulfilled (/home/davidlevy/.vscode/extensions/dart-code.dart-code-3.86.0/out/dist/extension.js:13409:58) setContext undefined
2024-05-17 21:55:52.762 [info] Extension host with pid 3188924 exiting with code 0
2024-05-17 21:55:53.873 [info] Extension host with pid 3191657 started
2024-05-17 21:55:53.873 [info] Skipping acquiring lock for /home/davidlevy/.config/Code/User/workspaceStorage/aaa939b6f39b5601e2a324e10e7cf3b0.
2024-05-17 21:55:53.916 [info] ExtensionService#_doActivateExtension vscode.git-base, startup: true, activationEvent: '*', root cause: vscode.git
2024-05-17 21:55:53.919 [info] ExtensionService#_doActivateExtension vscode.npm, startup: true, activationEvent: 'workspaceContains:package.json'
2024-05-17 21:55:53.982 [info] ExtensionService#_doActivateExtension vscode.git, startup: true, activationEvent: '*'
2024-05-17 21:55:54.003 [info] ExtensionService#_doActivateExtension vscode.github, startup: true, activationEvent: '*'
2024-05-17 21:55:54.082 [info] Eager extensions activated
2024-05-17 21:55:54.104 [info] ExtensionService#_doActivateExtension vscode.debug-auto-launch, startup: false, activationEvent: 'onStartupFinished'
2024-05-17 21:55:54.108 [info] ExtensionService#_doActivateExtension vscode.merge-conflict, startup: false, activationEvent: 'onStartupFinished'
2024-05-17 21:55:54.116 [info] ExtensionService#_doActivateExtension Catppuccin.catppuccin-vsc, startup: false, activationEvent: 'onStartupFinished'
2024-05-17 21:55:54.119 [info] ExtensionService#_doActivateExtension monokai.theme-monokai-pro-vscode, startup: false, activationEvent: 'onStartupFinished'
2024-05-17 21:55:54.127 [info] ExtensionService#_doActivateExtension mskelton.one-dark-theme, startup: false, activationEvent: 'onStartupFinished'
2024-05-17 21:55:54.551 [info] ExtensionService#_doActivateExtension vscode.github-authentication, startup: false, activationEvent: 'onAuthenticationRequest:github'
2024-05-17 21:55:58.952 [info] ExtensionService#_doActivateExtension vscode.emmet, startup: false, activationEvent: 'onLanguage'
2024-05-17 21:56:47.423 [info] ExtensionService#_doActivateExtension dsznajder.es7-react-js-snippets, startup: false, activationEvent: 'onStartupFinished'
2024-05-17 21:57:05.905 [info] ExtensionService#_doActivateExtension vscode.css-language-features, startup: false, activationEvent: 'onLanguage:css'
2024-05-17 21:57:10.575 [info] ExtensionService#_doActivateExtension vscode.typescript-language-features, startup: false, activationEvent: 'onLanguage:javascript'
2024-05-17 22:00:12.775 [info] ExtensionService#_doActivateExtension ecmel.vscode-html-css, startup: false, activationEvent: 'onStartupFinished'
2024-05-17 22:00:36.153 [info] ExtensionService#_doActivateExtension Zignd.html-css-class-completion, startup: false, activationEvent: '*'
2024-05-17 22:00:44.197 [info] ExtensionService#_doActivateExtension esbenp.prettier-vscode, startup: false, activationEvent: 'onStartupFinished'
2024-05-17 22:01:45.689 [info] ExtensionService#_doActivateExtension vscode.json-language-features, startup: false, activationEvent: 'onLanguage:jsonc'
