2024-05-01 20:55:29.192 [info] Reading sessions from keychain...
2024-05-01 20:55:29.192 [info] Getting sessions for all scopes...
2024-05-01 20:55:29.192 [info] Getting sessions for all scopes...
2024-05-01 20:55:29.192 [info] Got 0 sessions for ...
2024-05-01 20:55:29.193 [info] Got 0 sessions for ...
2024-05-01 20:55:29.194 [info] Getting sessions for read:user,repo,user:email,workflow...
2024-05-01 20:55:29.194 [info] Got 0 sessions for read:user,repo,user:email,workflow...
2024-05-01 20:55:29.209 [info] Getting sessions for all scopes...
2024-05-01 20:55:29.209 [info] Got 0 sessions for ...
2024-05-01 20:55:32.355 [info] Logging in for the following scopes: read:user repo user:email workflow
2024-05-01 20:55:32.375 [info] Trying without local server... (read:user repo user:email workflow)
2024-05-01 20:55:50.992 [info] Exchanging code for token...
2024-05-01 20:55:51.309 [info] Token exchange success!
2024-05-01 20:55:51.310 [info] Getting user info...
2024-05-01 20:55:51.688 [info] Got account info!
2024-05-01 20:55:51.688 [info] Storing 1 sessions...
2024-05-01 20:56:03.237 [info] Reading sessions from keychain...
2024-05-01 20:56:03.237 [info] Stored 1 sessions!
2024-05-01 20:56:03.238 [info] Login success!
2024-05-01 20:56:03.247 [info] Got stored sessions!
2024-05-01 20:56:03.247 [info] Got 1 verified sessions.
2024-05-01 20:56:19.458 [info] Reading sessions from keychain...
2024-05-01 20:56:19.458 [info] Getting sessions for all scopes...
2024-05-01 20:56:19.458 [info] Getting sessions for all scopes...
2024-05-01 20:56:19.458 [info] Got stored sessions!
2024-05-01 20:56:19.458 [info] Got 1 verified sessions.
2024-05-01 20:56:19.458 [info] Got 1 sessions for ...
2024-05-01 20:56:19.458 [info] Got 1 sessions for ...
2024-05-01 20:56:19.458 [info] Getting sessions for read:user,repo,user:email,workflow...
2024-05-01 20:56:19.458 [info] Got 1 sessions for read:user,repo,user:email,workflow...
2024-05-01 20:56:19.458 [info] Getting sessions for all scopes...
2024-05-01 20:56:19.458 [info] Got 1 sessions for ...
2024-05-01 20:56:19.925 [info] Getting sessions for read:user,repo,user:email,workflow...
2024-05-01 20:56:19.926 [info] Got 1 sessions for read:user,repo,user:email,workflow...
