2024-05-17 21:55:27.351 [info] Log level: Info
2024-05-17 21:55:27.351 [info] Validating found git in: "git"
2024-05-17 21:55:27.351 [info] Using git "2.45.1" from "git"
2024-05-17 21:55:27.351 [info] > git rev-parse --show-toplevel [12ms]
2024-05-17 21:55:27.351 [info] > git rev-parse --git-dir --git-common-dir [17ms]
2024-05-17 21:55:27.351 [info] Open repository: /home/davidlevy/projects/test/recycl
2024-05-17 21:55:27.392 [info] > git config --get commit.template [26ms]
2024-05-17 21:55:27.449 [info] > git for-each-ref --format=%(refname)%00%(upstream:short)%00%(objectname)%00%(upstream:track)%00%(upstream:remotename)%00%(upstream:remoteref) refs/heads/main refs/remotes/main [10ms]
2024-05-17 21:55:27.456 [warning] ENOENT: no such file or directory, open '/home/davidlevy/projects/test/recycl/.git/refs/remotes/origin/main'
2024-05-17 21:55:27.457 [info] > git rev-parse refs/remotes/origin/main [1ms]
2024-05-17 21:55:27.468 [info] > git status -z -uall [1ms]
2024-05-17 21:55:27.485 [info] > git merge-base refs/heads/main refs/remotes/origin/main [11ms]
2024-05-17 21:55:27.504 [info] > git rev-list --count --left-right refs/heads/main...refs/remotes/origin/main [7ms]
2024-05-17 21:55:27.513 [info] > git config --get commit.template [29ms]
2024-05-17 21:55:27.517 [info] > git diff --name-status -z --diff-filter=ADMR 1190630384e3ca736c2b20c23860a4bf8b112c40...refs/remotes/origin/main [4ms]
2024-05-17 21:55:27.534 [info] > git for-each-ref --format=%(refname)%00%(upstream:short)%00%(objectname)%00%(upstream:track)%00%(upstream:remotename)%00%(upstream:remoteref) refs/heads/main refs/remotes/main [7ms]
2024-05-17 21:55:27.540 [warning] ENOENT: no such file or directory, open '/home/davidlevy/projects/test/recycl/.git/refs/remotes/origin/main'
2024-05-17 21:55:27.543 [info] > git rev-parse refs/remotes/origin/main [3ms]
2024-05-17 21:55:27.556 [info] > git status -z -uall [2ms]
2024-05-17 21:55:27.893 [info] > git check-ignore -v -z --stdin [1ms]
2024-05-17 21:55:54.141 [info] Log level: Info
2024-05-17 21:55:54.141 [info] Validating found git in: "git"
2024-05-17 21:55:54.141 [info] Using git "2.45.1" from "git"
2024-05-17 21:55:54.141 [info] > git rev-parse --show-toplevel [12ms]
2024-05-17 21:55:54.142 [info] > git rev-parse --git-dir --git-common-dir [6ms]
2024-05-17 21:55:54.150 [info] Open repository: /home/davidlevy/projects/faculdade/recycle-react
2024-05-17 21:55:54.192 [info] > git rev-parse --show-toplevel [16ms]
2024-05-17 21:55:54.195 [info] > git config --get commit.template [24ms]
2024-05-17 21:55:54.211 [info] > git rev-parse --show-toplevel [8ms]
2024-05-17 21:55:54.216 [info] > git for-each-ref --format=%(refname)%00%(upstream:short)%00%(objectname)%00%(upstream:track)%00%(upstream:remotename)%00%(upstream:remoteref) refs/heads/main refs/remotes/main [8ms]
2024-05-17 21:55:54.224 [warning] ENOENT: no such file or directory, open '/home/davidlevy/projects/faculdade/recycle-react/.git/refs/remotes/origin/main'
2024-05-17 21:55:54.228 [info] > git rev-parse refs/remotes/origin/main [4ms]
2024-05-17 21:55:54.241 [info] > git rev-parse --show-toplevel [25ms]
2024-05-17 21:55:54.244 [info] > git status -z -uall [3ms]
2024-05-17 21:55:54.305 [info] > git merge-base refs/heads/main refs/remotes/origin/main [52ms]
2024-05-17 21:55:54.315 [info] > git config --get commit.template [11ms]
2024-05-17 21:55:54.324 [info] > git rev-list --count --left-right refs/heads/main...refs/remotes/origin/main [10ms]
2024-05-17 21:55:54.344 [info] > git diff --name-status -z --diff-filter=ADMR 9fa9ea73991174a0175b98eaf708bdb625d768b6...refs/remotes/origin/main [10ms]
2024-05-17 21:55:54.355 [info] > git for-each-ref --format=%(refname)%00%(upstream:short)%00%(objectname)%00%(upstream:track)%00%(upstream:remotename)%00%(upstream:remoteref) refs/heads/main refs/remotes/main [12ms]
2024-05-17 21:55:54.387 [warning] ENOENT: no such file or directory, open '/home/davidlevy/projects/faculdade/recycle-react/.git/refs/remotes/origin/main'
2024-05-17 21:55:54.388 [info] > git rev-parse refs/remotes/origin/main [1ms]
2024-05-17 21:55:54.399 [info] > git status -z -uall [3ms]
2024-05-17 21:55:54.941 [info] > git check-ignore -v -z --stdin [4ms]
2024-05-17 21:57:05.197 [info] > git check-ignore -v -z --stdin [2ms]
2024-05-17 21:57:06.116 [info] > git show --textconv :src/App.css [11ms]
2024-05-17 21:57:06.120 [info] > git ls-files --stage -- /home/davidlevy/projects/faculdade/recycle-react/src/App.css [4ms]
2024-05-17 21:57:06.128 [info] > git cat-file -s e69de29bb2d1d6434b8b29ae775ad8c2e48c5391 [4ms]
2024-05-17 21:57:07.213 [info] > git show --textconv :src/index.css [4ms]
2024-05-17 21:57:07.215 [info] > git ls-files --stage -- /home/davidlevy/projects/faculdade/recycle-react/src/index.css [2ms]
2024-05-17 21:57:07.219 [info] > git cat-file -s 559966ed756febf1273538a75a5d4797af99269c [1ms]
2024-05-17 21:57:10.903 [info] > git show --textconv :src/App.js [8ms]
2024-05-17 21:57:10.905 [info] > git ls-files --stage -- /home/davidlevy/projects/faculdade/recycle-react/src/App.js [2ms]
2024-05-17 21:57:10.919 [info] > git cat-file -s ddb2b2e6eb707624483c98d8e05ff4559ac92251 [3ms]
2024-05-17 21:57:16.423 [info] > git merge-base refs/heads/main refs/remotes/origin/main [3ms]
2024-05-17 21:57:16.430 [info] > git rev-list --count --left-right refs/heads/main...refs/remotes/origin/main [1ms]
2024-05-17 21:57:17.048 [info] > git check-ignore -v -z --stdin [2ms]
2024-05-17 21:57:26.081 [info] > git config --get commit.template [7ms]
2024-05-17 21:57:26.082 [info] > git for-each-ref --format=%(refname)%00%(upstream:short)%00%(objectname)%00%(upstream:track)%00%(upstream:remotename)%00%(upstream:remoteref) refs/heads/main refs/remotes/main [2ms]
2024-05-17 21:57:26.085 [warning] ENOENT: no such file or directory, open '/home/davidlevy/projects/faculdade/recycle-react/.git/refs/remotes/origin/main'
2024-05-17 21:57:26.086 [info] > git rev-parse refs/remotes/origin/main [1ms]
2024-05-17 21:57:26.092 [info] > git status -z -uall [2ms]
2024-05-17 21:57:26.173 [info] > git ls-files --stage -- /home/davidlevy/projects/faculdade/recycle-react/src/App.js [1ms]
2024-05-17 21:57:26.178 [info] > git cat-file -s ddb2b2e6eb707624483c98d8e05ff4559ac92251 [1ms]
2024-05-17 21:57:26.184 [info] > git show --textconv :src/App.js [2ms]
2024-05-17 21:57:37.030 [info] > git config --get commit.template [7ms]
2024-05-17 21:57:37.036 [info] > git for-each-ref --format=%(refname)%00%(upstream:short)%00%(objectname)%00%(upstream:track)%00%(upstream:remotename)%00%(upstream:remoteref) refs/heads/main refs/remotes/main [1ms]
2024-05-17 21:57:37.041 [warning] ENOENT: no such file or directory, open '/home/davidlevy/projects/faculdade/recycle-react/.git/refs/remotes/origin/main'
2024-05-17 21:57:37.042 [info] > git rev-parse refs/remotes/origin/main [1ms]
2024-05-17 21:57:37.053 [info] > git status -z -uall [2ms]
2024-05-17 22:00:53.961 [info] > git show --textconv :src/App.css [8ms]
2024-05-17 22:00:53.963 [info] > git ls-files --stage -- /home/davidlevy/projects/faculdade/recycle-react/src/App.css [2ms]
2024-05-17 22:00:53.969 [info] > git cat-file -s e69de29bb2d1d6434b8b29ae775ad8c2e48c5391 [1ms]
2024-05-17 22:00:54.744 [info] > git show --textconv :src/index.css [7ms]
2024-05-17 22:00:54.745 [info] > git ls-files --stage -- /home/davidlevy/projects/faculdade/recycle-react/src/index.css [1ms]
2024-05-17 22:00:54.750 [info] > git cat-file -s 559966ed756febf1273538a75a5d4797af99269c [1ms]
2024-05-17 22:00:55.250 [info] > git show --textconv :src/App.js [6ms]
2024-05-17 22:00:55.251 [info] > git ls-files --stage -- /home/davidlevy/projects/faculdade/recycle-react/src/App.js [2ms]
2024-05-17 22:00:55.257 [info] > git cat-file -s ddb2b2e6eb707624483c98d8e05ff4559ac92251 [1ms]
2024-05-17 22:01:20.807 [info] > git show --textconv :src/App.js [8ms]
2024-05-17 22:01:20.811 [info] > git ls-files --stage -- /home/davidlevy/projects/faculdade/recycle-react/src/App.js [4ms]
2024-05-17 22:01:20.817 [info] > git cat-file -s ddb2b2e6eb707624483c98d8e05ff4559ac92251 [2ms]
2024-05-17 22:01:21.770 [info] > git show --textconv :src/App.css [6ms]
2024-05-17 22:01:21.773 [info] > git ls-files --stage -- /home/davidlevy/projects/faculdade/recycle-react/src/App.css [4ms]
2024-05-17 22:01:21.779 [info] > git cat-file -s e69de29bb2d1d6434b8b29ae775ad8c2e48c5391 [1ms]
2024-05-17 22:01:22.631 [info] > git show --textconv :src/index.css [5ms]
2024-05-17 22:01:22.633 [info] > git ls-files --stage -- /home/davidlevy/projects/faculdade/recycle-react/src/index.css [2ms]
2024-05-17 22:01:22.641 [info] > git cat-file -s 559966ed756febf1273538a75a5d4797af99269c [2ms]
2024-05-17 22:01:23.450 [info] > git show --textconv :src/App.js [5ms]
2024-05-17 22:01:23.451 [info] > git ls-files --stage -- /home/davidlevy/projects/faculdade/recycle-react/src/App.js [2ms]
2024-05-17 22:01:23.457 [info] > git cat-file -s ddb2b2e6eb707624483c98d8e05ff4559ac92251 [1ms]
2024-05-17 22:01:49.547 [info] > git show --textconv :src/index.css [5ms]
2024-05-17 22:01:49.548 [info] > git ls-files --stage -- /home/davidlevy/projects/faculdade/recycle-react/src/index.css [2ms]
2024-05-17 22:01:49.554 [info] > git cat-file -s 559966ed756febf1273538a75a5d4797af99269c [1ms]
2024-05-17 22:01:50.690 [info] > git show --textconv :src/App.css [6ms]
2024-05-17 22:01:50.692 [info] > git ls-files --stage -- /home/davidlevy/projects/faculdade/recycle-react/src/App.css [2ms]
2024-05-17 22:01:50.697 [info] > git cat-file -s e69de29bb2d1d6434b8b29ae775ad8c2e48c5391 [1ms]
2024-05-17 22:01:51.613 [info] > git show --textconv :src/index.css [6ms]
2024-05-17 22:01:51.614 [info] > git ls-files --stage -- /home/davidlevy/projects/faculdade/recycle-react/src/index.css [2ms]
2024-05-17 22:01:51.619 [info] > git cat-file -s 559966ed756febf1273538a75a5d4797af99269c [2ms]
2024-05-17 22:01:51.977 [info] > git show --textconv :src/App.js [10ms]
2024-05-17 22:01:51.977 [info] > git ls-files --stage -- /home/davidlevy/projects/faculdade/recycle-react/src/App.js [1ms]
2024-05-17 22:01:51.982 [info] > git cat-file -s ddb2b2e6eb707624483c98d8e05ff4559ac92251 [2ms]
2024-05-17 22:11:30.604 [info] > git show --textconv :src/App.js [7ms]
2024-05-17 22:11:30.605 [info] > git ls-files --stage -- /home/davidlevy/projects/faculdade/recycle-react/src/App.js [2ms]
2024-05-17 22:11:30.611 [info] > git cat-file -s ddb2b2e6eb707624483c98d8e05ff4559ac92251 [2ms]
2024-05-18 10:31:29.254 [info] > git show --textconv :src/index.js [7ms]
2024-05-18 10:31:29.255 [info] > git ls-files --stage -- /home/davidlevy/projects/faculdade/recycle-react/src/index.js [2ms]
2024-05-18 10:31:29.260 [info] > git cat-file -s 90e26e6014be7f6c7f5b2dfcea4e3969293eeffe [1ms]
2024-05-18 10:32:26.181 [info] > git show --textconv :src/App.css [5ms]
2024-05-18 10:32:26.182 [info] > git ls-files --stage -- /home/davidlevy/projects/faculdade/recycle-react/src/App.css [1ms]
2024-05-18 10:32:26.188 [info] > git cat-file -s e69de29bb2d1d6434b8b29ae775ad8c2e48c5391 [1ms]
2024-05-18 10:32:27.119 [info] > git show --textconv :src/App.js [1ms]
2024-05-18 10:32:27.126 [info] > git ls-files --stage -- /home/davidlevy/projects/faculdade/recycle-react/src/App.js [2ms]
2024-05-18 10:32:27.131 [info] > git cat-file -s ddb2b2e6eb707624483c98d8e05ff4559ac92251 [0ms]
2024-05-18 10:32:34.431 [info] > git show --textconv :src/App.css [5ms]
2024-05-18 10:32:34.433 [info] > git ls-files --stage -- /home/davidlevy/projects/faculdade/recycle-react/src/App.css [2ms]
2024-05-18 10:32:34.440 [info] > git cat-file -s e69de29bb2d1d6434b8b29ae775ad8c2e48c5391 [1ms]
2024-05-18 10:32:35.108 [info] > git show --textconv :src/App.js [5ms]
2024-05-18 10:32:35.109 [info] > git ls-files --stage -- /home/davidlevy/projects/faculdade/recycle-react/src/App.js [1ms]
2024-05-18 10:32:35.115 [info] > git cat-file -s ddb2b2e6eb707624483c98d8e05ff4559ac92251 [2ms]
2024-05-18 10:32:36.051 [info] > git show --textconv :src/App.test.js [5ms]
2024-05-18 10:32:36.052 [info] > git ls-files --stage -- /home/davidlevy/projects/faculdade/recycle-react/src/App.test.js [1ms]
2024-05-18 10:32:36.058 [info] > git cat-file -s 1f03afeece5ac28064fa3c73a29215037465f789 [1ms]
2024-05-18 10:32:38.006 [info] > git show --textconv :src/index.css [7ms]
2024-05-18 10:32:38.009 [info] > git ls-files --stage -- /home/davidlevy/projects/faculdade/recycle-react/src/index.css [4ms]
2024-05-18 10:32:38.014 [info] > git cat-file -s 559966ed756febf1273538a75a5d4797af99269c [1ms]
2024-05-18 10:32:39.271 [info] > git show --textconv :src/index.js [7ms]
2024-05-18 10:32:39.272 [info] > git ls-files --stage -- /home/davidlevy/projects/faculdade/recycle-react/src/index.js [2ms]
2024-05-18 10:32:39.278 [info] > git cat-file -s 90e26e6014be7f6c7f5b2dfcea4e3969293eeffe [2ms]
2024-05-18 10:32:41.561 [info] > git show --textconv :src/reportWebVitals.js [1ms]
2024-05-18 10:32:41.569 [info] > git ls-files --stage -- /home/davidlevy/projects/faculdade/recycle-react/src/reportWebVitals.js [1ms]
2024-05-18 10:32:41.577 [info] > git cat-file -s 5253d3ad9e6be6690549cb255f5952337b02401d [2ms]
2024-05-18 10:32:42.941 [info] > git show --textconv :src/setupTests.js [0ms]
2024-05-18 10:32:42.947 [info] > git ls-files --stage -- /home/davidlevy/projects/faculdade/recycle-react/src/setupTests.js [1ms]
2024-05-18 10:32:42.952 [info] > git cat-file -s 8f2609b7b3e0e3897ab3bcaad13caf6876e48699 [1ms]
2024-05-18 10:32:43.635 [info] > git show --textconv :src/index.js [6ms]
2024-05-18 10:32:43.637 [info] > git ls-files --stage -- /home/davidlevy/projects/faculdade/recycle-react/src/index.js [2ms]
2024-05-18 10:32:43.642 [info] > git cat-file -s 90e26e6014be7f6c7f5b2dfcea4e3969293eeffe [1ms]
2024-05-18 10:34:14.772 [info] > git show --textconv :src/index.css [9ms]
2024-05-18 10:34:14.774 [info] > git ls-files --stage -- /home/davidlevy/projects/faculdade/recycle-react/src/index.css [4ms]
2024-05-18 10:34:14.781 [info] > git cat-file -s 559966ed756febf1273538a75a5d4797af99269c [0ms]
2024-05-18 10:35:22.091 [info] > git config --get commit.template [2ms]
2024-05-18 10:35:22.097 [info] > git for-each-ref --format=%(refname)%00%(upstream:short)%00%(objectname)%00%(upstream:track)%00%(upstream:remotename)%00%(upstream:remoteref) refs/heads/main refs/remotes/main [2ms]
2024-05-18 10:35:22.104 [warning] ENOENT: no such file or directory, open '/home/davidlevy/projects/faculdade/recycle-react/.git/refs/remotes/origin/main'
2024-05-18 10:35:22.105 [info] > git rev-parse refs/remotes/origin/main [1ms]
2024-05-18 10:35:22.111 [info] > git status -z -uall [2ms]
2024-05-18 10:35:53.120 [info] > git config --get commit.template [5ms]
2024-05-18 10:35:53.121 [info] > git for-each-ref --format=%(refname)%00%(upstream:short)%00%(objectname)%00%(upstream:track)%00%(upstream:remotename)%00%(upstream:remoteref) refs/heads/main refs/remotes/main [2ms]
2024-05-18 10:35:53.125 [warning] ENOENT: no such file or directory, open '/home/davidlevy/projects/faculdade/recycle-react/.git/refs/remotes/origin/main'
2024-05-18 10:35:53.126 [info] > git rev-parse refs/remotes/origin/main [1ms]
2024-05-18 10:35:53.132 [info] > git status -z -uall [2ms]
2024-05-18 10:37:20.329 [info] > git check-ignore -v -z --stdin [1ms]
2024-05-18 10:37:23.108 [info] > git show --textconv :src/components/Header.js [7ms]
2024-05-18 10:37:23.109 [info] > git ls-files --stage -- /home/davidlevy/projects/faculdade/recycle-react/src/components/Header.js [2ms]
2024-05-18 10:37:23.115 [info] > git cat-file -s 07213cdb421b34e16fbfd3899555a131c33aec02 [2ms]
2024-05-18 10:37:28.503 [info] > git check-ignore -v -z --stdin [2ms]
2024-05-18 10:37:29.105 [info] > git show --textconv :src/styles/Header.css [10ms]
2024-05-18 10:37:29.108 [info] > git ls-files --stage -- /home/davidlevy/projects/faculdade/recycle-react/src/styles/Header.css [4ms]
2024-05-18 10:37:29.113 [info] > git cat-file -s a43c4e9321b61f24615a1353d9c8cfb4c374e818 [1ms]
2024-05-18 10:38:24.990 [info] > git config --get commit.template [4ms]
2024-05-18 10:38:24.991 [info] > git for-each-ref --format=%(refname)%00%(upstream:short)%00%(objectname)%00%(upstream:track)%00%(upstream:remotename)%00%(upstream:remoteref) refs/heads/main refs/remotes/main [1ms]
2024-05-18 10:38:24.995 [warning] ENOENT: no such file or directory, open '/home/davidlevy/projects/faculdade/recycle-react/.git/refs/remotes/origin/main'
2024-05-18 10:38:24.996 [info] > git rev-parse refs/remotes/origin/main [1ms]
2024-05-18 10:38:25.001 [info] > git status -z -uall [1ms]
2024-05-18 10:40:46.631 [info] > git check-ignore -v -z --stdin [2ms]
2024-05-18 10:41:00.744 [info] > git show --textconv :src/api/UsersService.js [1ms]
2024-05-18 10:41:00.757 [info] > git ls-files --stage -- /home/davidlevy/projects/faculdade/recycle-react/src/api/UsersService.js [3ms]
2024-05-18 10:41:01.000 [info] > git check-ignore -v -z --stdin [1ms]
2024-05-18 10:41:13.064 [info] > git config --get commit.template [1ms]
2024-05-18 10:41:13.073 [info] > git for-each-ref --format=%(refname)%00%(upstream:short)%00%(objectname)%00%(upstream:track)%00%(upstream:remotename)%00%(upstream:remoteref) refs/heads/main refs/remotes/main [1ms]
2024-05-18 10:41:13.080 [warning] ENOENT: no such file or directory, open '/home/davidlevy/projects/faculdade/recycle-react/.git/refs/remotes/origin/main'
2024-05-18 10:41:13.080 [info] > git rev-parse refs/remotes/origin/main [0ms]
2024-05-18 10:41:13.086 [info] > git status -z -uall [1ms]
2024-05-18 10:41:18.114 [info] > git config --get commit.template [13ms]
2024-05-18 10:41:18.115 [info] > git for-each-ref --format=%(refname)%00%(upstream:short)%00%(objectname)%00%(upstream:track)%00%(upstream:remotename)%00%(upstream:remoteref) refs/heads/main refs/remotes/main [2ms]
2024-05-18 10:41:18.128 [warning] ENOENT: no such file or directory, open '/home/davidlevy/projects/faculdade/recycle-react/.git/refs/remotes/origin/main'
2024-05-18 10:41:18.129 [info] > git rev-parse refs/remotes/origin/main [1ms]
2024-05-18 10:41:18.138 [info] > git status -z -uall [1ms]
2024-05-18 10:48:05.965 [info] > git config --get commit.template [10ms]
2024-05-18 10:48:05.967 [info] > git for-each-ref --format=%(refname)%00%(upstream:short)%00%(objectname)%00%(upstream:track)%00%(upstream:remotename)%00%(upstream:remoteref) refs/heads/main refs/remotes/main [3ms]
2024-05-18 10:48:05.975 [warning] ENOENT: no such file or directory, open '/home/davidlevy/projects/faculdade/recycle-react/.git/refs/remotes/origin/main'
2024-05-18 10:48:05.979 [info] > git rev-parse refs/remotes/origin/main [4ms]
2024-05-18 10:48:05.986 [info] > git status -z -uall [1ms]
2024-05-18 10:59:34.181 [info] > git show --textconv :src/App.css [7ms]
2024-05-18 10:59:34.181 [info] > git ls-files --stage -- /home/davidlevy/projects/faculdade/recycle-react/src/App.css [2ms]
2024-05-18 10:59:34.188 [info] > git cat-file -s e69de29bb2d1d6434b8b29ae775ad8c2e48c5391 [1ms]
2024-05-18 10:59:36.189 [info] > git show --textconv :src/App.js [7ms]
2024-05-18 10:59:36.191 [info] > git ls-files --stage -- /home/davidlevy/projects/faculdade/recycle-react/src/App.js [2ms]
2024-05-18 10:59:36.197 [info] > git cat-file -s ddb2b2e6eb707624483c98d8e05ff4559ac92251 [1ms]
2024-05-18 11:00:17.872 [info] > git config --get commit.template [5ms]
2024-05-18 11:00:17.873 [info] > git for-each-ref --format=%(refname)%00%(upstream:short)%00%(objectname)%00%(upstream:track)%00%(upstream:remotename)%00%(upstream:remoteref) refs/heads/main refs/remotes/main [2ms]
2024-05-18 11:00:17.877 [warning] ENOENT: no such file or directory, open '/home/davidlevy/projects/faculdade/recycle-react/.git/refs/remotes/origin/main'
2024-05-18 11:00:17.878 [info] > git rev-parse refs/remotes/origin/main [1ms]
2024-05-18 11:00:17.884 [info] > git status -z -uall [2ms]
2024-05-18 11:03:07.371 [info] > git config --get commit.template [5ms]
2024-05-18 11:03:07.372 [info] > git for-each-ref --format=%(refname)%00%(upstream:short)%00%(objectname)%00%(upstream:track)%00%(upstream:remotename)%00%(upstream:remoteref) refs/heads/main refs/remotes/main [2ms]
2024-05-18 11:03:07.377 [warning] ENOENT: no such file or directory, open '/home/davidlevy/projects/faculdade/recycle-react/.git/refs/remotes/origin/main'
2024-05-18 11:03:07.380 [info] > git rev-parse refs/remotes/origin/main [3ms]
2024-05-18 11:03:07.385 [info] > git status -z -uall [1ms]
2024-05-18 11:03:12.736 [info] > git show --textconv :src/components/Register.js [6ms]
2024-05-18 11:03:12.737 [info] > git ls-files --stage -- /home/davidlevy/projects/faculdade/recycle-react/src/components/Register.js [1ms]
2024-05-18 11:03:12.744 [info] > git cat-file -s a2a0c89573d4e4255459d39c9b4ea9a97b0113dd [2ms]
2024-05-18 11:04:12.740 [info] > git config --get commit.template [5ms]
2024-05-18 11:04:12.740 [info] > git for-each-ref --format=%(refname)%00%(upstream:short)%00%(objectname)%00%(upstream:track)%00%(upstream:remotename)%00%(upstream:remoteref) refs/heads/main refs/remotes/main [1ms]
2024-05-18 11:04:12.745 [warning] ENOENT: no such file or directory, open '/home/davidlevy/projects/faculdade/recycle-react/.git/refs/remotes/origin/main'
2024-05-18 11:04:12.745 [info] > git rev-parse refs/remotes/origin/main [1ms]
2024-05-18 11:04:12.751 [info] > git status -z -uall [2ms]
2024-05-18 11:49:49.825 [info] > git show --textconv :src/App.js [5ms]
2024-05-18 11:49:49.827 [info] > git ls-files --stage -- /home/davidlevy/projects/faculdade/recycle-react/src/App.js [2ms]
2024-05-18 11:49:49.833 [info] > git cat-file -s ddb2b2e6eb707624483c98d8e05ff4559ac92251 [1ms]
2024-05-18 11:49:51.926 [info] > git show --textconv :src/components/Register.js [5ms]
2024-05-18 11:49:51.927 [info] > git ls-files --stage -- /home/davidlevy/projects/faculdade/recycle-react/src/components/Register.js [1ms]
2024-05-18 11:49:51.933 [info] > git cat-file -s a2a0c89573d4e4255459d39c9b4ea9a97b0113dd [1ms]
2024-05-18 13:30:12.721 [info] > git check-ignore -v -z --stdin [1ms]
2024-05-18 13:31:01.029 [info] > git config --get commit.template [4ms]
2024-05-18 13:31:01.047 [info] > git for-each-ref --format=%(refname)%00%(upstream:short)%00%(objectname)%00%(upstream:track)%00%(upstream:remotename)%00%(upstream:remoteref) refs/heads/main refs/remotes/main [0ms]
2024-05-18 13:31:01.059 [warning] ENOENT: no such file or directory, open '/home/davidlevy/projects/faculdade/recycle-react/.git/refs/remotes/origin/main'
2024-05-18 13:31:01.060 [info] > git rev-parse refs/remotes/origin/main [1ms]
2024-05-18 13:31:01.077 [info] > git status -z -uall [8ms]
2024-05-18 13:31:15.141 [info] > git config --get commit.template [0ms]
2024-05-18 13:31:15.150 [info] > git for-each-ref --format=%(refname)%00%(upstream:short)%00%(objectname)%00%(upstream:track)%00%(upstream:remotename)%00%(upstream:remoteref) refs/heads/main refs/remotes/main [1ms]
2024-05-18 13:31:15.155 [warning] ENOENT: no such file or directory, open '/home/davidlevy/projects/faculdade/recycle-react/.git/refs/remotes/origin/main'
2024-05-18 13:31:15.156 [info] > git rev-parse refs/remotes/origin/main [1ms]
2024-05-18 13:31:15.161 [info] > git status -z -uall [1ms]
2024-05-18 13:31:34.792 [info] > git config --get commit.template [2ms]
2024-05-18 13:31:34.801 [info] > git for-each-ref --format=%(refname)%00%(upstream:short)%00%(objectname)%00%(upstream:track)%00%(upstream:remotename)%00%(upstream:remoteref) refs/heads/main refs/remotes/main [3ms]
2024-05-18 13:31:34.807 [warning] ENOENT: no such file or directory, open '/home/davidlevy/projects/faculdade/recycle-react/.git/refs/remotes/origin/main'
2024-05-18 13:31:34.808 [info] > git rev-parse refs/remotes/origin/main [1ms]
2024-05-18 13:31:34.815 [info] > git status -z -uall [3ms]
2024-05-18 13:31:39.822 [info] > git config --get commit.template [1ms]
2024-05-18 13:31:39.827 [info] > git for-each-ref --format=%(refname)%00%(upstream:short)%00%(objectname)%00%(upstream:track)%00%(upstream:remotename)%00%(upstream:remoteref) refs/heads/main refs/remotes/main [1ms]
2024-05-18 13:31:39.831 [warning] ENOENT: no such file or directory, open '/home/davidlevy/projects/faculdade/recycle-react/.git/refs/remotes/origin/main'
2024-05-18 13:31:39.832 [info] > git rev-parse refs/remotes/origin/main [1ms]
2024-05-18 13:31:39.837 [info] > git status -z -uall [1ms]
2024-05-18 13:32:30.879 [info] > git config --get commit.template [3ms]
2024-05-18 13:32:30.887 [info] > git for-each-ref --format=%(refname)%00%(upstream:short)%00%(objectname)%00%(upstream:track)%00%(upstream:remotename)%00%(upstream:remoteref) refs/heads/main refs/remotes/main [2ms]
2024-05-18 13:32:30.893 [warning] ENOENT: no such file or directory, open '/home/davidlevy/projects/faculdade/recycle-react/.git/refs/remotes/origin/main'
2024-05-18 13:32:30.895 [info] > git rev-parse refs/remotes/origin/main [2ms]
2024-05-18 13:32:30.902 [info] > git status -z -uall [1ms]
2024-05-18 13:34:40.598 [info] > git for-each-ref --format=%(refname)%00%(upstream:short)%00%(objectname)%00%(upstream:track)%00%(upstream:remotename)%00%(upstream:remoteref) refs/heads/main refs/remotes/main [0ms]
2024-05-18 13:34:40.598 [info] > git config --get commit.template [8ms]
2024-05-18 13:34:40.603 [warning] ENOENT: no such file or directory, open '/home/davidlevy/projects/faculdade/recycle-react/.git/refs/remotes/origin/main'
2024-05-18 13:34:40.604 [info] > git rev-parse refs/remotes/origin/main [1ms]
2024-05-18 13:34:40.611 [info] > git status -z -uall [2ms]
2024-05-18 13:35:06.110 [info] > git for-each-ref --format=%(refname)%00%(upstream:short)%00%(objectname)%00%(upstream:track)%00%(upstream:remotename)%00%(upstream:remoteref) refs/heads/main refs/remotes/main [1ms]
2024-05-18 13:35:06.110 [info] > git config --get commit.template [9ms]
2024-05-18 13:35:06.117 [warning] ENOENT: no such file or directory, open '/home/davidlevy/projects/faculdade/recycle-react/.git/refs/remotes/origin/main'
2024-05-18 13:35:06.118 [info] > git rev-parse refs/remotes/origin/main [1ms]
2024-05-18 13:35:06.123 [info] > git status -z -uall [1ms]
2024-05-18 13:45:22.274 [info] > git config --get commit.template [6ms]
2024-05-18 13:45:22.275 [info] > git for-each-ref --format=%(refname)%00%(upstream:short)%00%(objectname)%00%(upstream:track)%00%(upstream:remotename)%00%(upstream:remoteref) refs/heads/main refs/remotes/main [1ms]
2024-05-18 13:45:22.278 [warning] ENOENT: no such file or directory, open '/home/davidlevy/projects/faculdade/recycle-react/.git/refs/remotes/origin/main'
2024-05-18 13:45:22.279 [info] > git rev-parse refs/remotes/origin/main [1ms]
2024-05-18 13:45:22.285 [info] > git status -z -uall [2ms]
2024-05-18 13:45:41.669 [info] > git config --get commit.template [5ms]
2024-05-18 13:45:41.670 [info] > git for-each-ref --format=%(refname)%00%(upstream:short)%00%(objectname)%00%(upstream:track)%00%(upstream:remotename)%00%(upstream:remoteref) refs/heads/main refs/remotes/main [2ms]
2024-05-18 13:45:41.674 [warning] ENOENT: no such file or directory, open '/home/davidlevy/projects/faculdade/recycle-react/.git/refs/remotes/origin/main'
2024-05-18 13:45:41.675 [info] > git rev-parse refs/remotes/origin/main [1ms]
2024-05-18 13:45:41.680 [info] > git status -z -uall [2ms]
2024-05-18 13:47:51.504 [info] > git config --get commit.template [10ms]
2024-05-18 13:47:51.504 [info] > git for-each-ref --format=%(refname)%00%(upstream:short)%00%(objectname)%00%(upstream:track)%00%(upstream:remotename)%00%(upstream:remoteref) refs/heads/main refs/remotes/main [1ms]
2024-05-18 13:47:51.509 [warning] ENOENT: no such file or directory, open '/home/davidlevy/projects/faculdade/recycle-react/.git/refs/remotes/origin/main'
2024-05-18 13:47:51.511 [info] > git rev-parse refs/remotes/origin/main [1ms]
2024-05-18 13:47:51.520 [info] > git status -z -uall [4ms]
2024-05-18 13:48:05.068 [info] > git config --get commit.template [5ms]
2024-05-18 13:48:05.068 [info] > git for-each-ref --format=%(refname)%00%(upstream:short)%00%(objectname)%00%(upstream:track)%00%(upstream:remotename)%00%(upstream:remoteref) refs/heads/main refs/remotes/main [1ms]
2024-05-18 13:48:05.072 [warning] ENOENT: no such file or directory, open '/home/davidlevy/projects/faculdade/recycle-react/.git/refs/remotes/origin/main'
2024-05-18 13:48:05.073 [info] > git rev-parse refs/remotes/origin/main [1ms]
2024-05-18 13:48:05.078 [info] > git status -z -uall [2ms]
2024-05-18 13:52:05.881 [info] > git config --get commit.template [5ms]
2024-05-18 13:52:05.882 [info] > git for-each-ref --format=%(refname)%00%(upstream:short)%00%(objectname)%00%(upstream:track)%00%(upstream:remotename)%00%(upstream:remoteref) refs/heads/main refs/remotes/main [1ms]
2024-05-18 13:52:05.885 [warning] ENOENT: no such file or directory, open '/home/davidlevy/projects/faculdade/recycle-react/.git/refs/remotes/origin/main'
2024-05-18 13:52:05.886 [info] > git rev-parse refs/remotes/origin/main [1ms]
2024-05-18 13:52:05.892 [info] > git status -z -uall [2ms]
2024-05-18 13:58:05.240 [info] > git config --get commit.template [14ms]
2024-05-18 13:58:05.241 [info] > git for-each-ref --format=%(refname)%00%(upstream:short)%00%(objectname)%00%(upstream:track)%00%(upstream:remotename)%00%(upstream:remoteref) refs/heads/main refs/remotes/main [1ms]
2024-05-18 13:58:05.249 [warning] ENOENT: no such file or directory, open '/home/davidlevy/projects/faculdade/recycle-react/.git/refs/remotes/origin/main'
2024-05-18 13:58:05.250 [info] > git rev-parse refs/remotes/origin/main [1ms]
2024-05-18 13:58:05.259 [info] > git status -z -uall [2ms]
2024-05-18 13:58:10.273 [info] > git config --get commit.template [4ms]
2024-05-18 13:58:10.273 [info] > git for-each-ref --format=%(refname)%00%(upstream:short)%00%(objectname)%00%(upstream:track)%00%(upstream:remotename)%00%(upstream:remoteref) refs/heads/main refs/remotes/main [1ms]
2024-05-18 13:58:10.277 [warning] ENOENT: no such file or directory, open '/home/davidlevy/projects/faculdade/recycle-react/.git/refs/remotes/origin/main'
2024-05-18 13:58:10.278 [info] > git rev-parse refs/remotes/origin/main [1ms]
2024-05-18 13:58:10.283 [info] > git status -z -uall [1ms]
2024-05-18 14:01:21.762 [info] > git config --get commit.template [4ms]
2024-05-18 14:01:21.763 [info] > git for-each-ref --format=%(refname)%00%(upstream:short)%00%(objectname)%00%(upstream:track)%00%(upstream:remotename)%00%(upstream:remoteref) refs/heads/main refs/remotes/main [1ms]
2024-05-18 14:01:21.767 [warning] ENOENT: no such file or directory, open '/home/davidlevy/projects/faculdade/recycle-react/.git/refs/remotes/origin/main'
2024-05-18 14:01:21.768 [info] > git rev-parse refs/remotes/origin/main [1ms]
2024-05-18 14:01:21.773 [info] > git status -z -uall [1ms]
2024-05-18 14:10:31.402 [info] > git config --get commit.template [1ms]
2024-05-18 14:10:31.408 [info] > git for-each-ref --format=%(refname)%00%(upstream:short)%00%(objectname)%00%(upstream:track)%00%(upstream:remotename)%00%(upstream:remoteref) refs/heads/main refs/remotes/main [2ms]
2024-05-18 14:10:31.412 [warning] ENOENT: no such file or directory, open '/home/davidlevy/projects/faculdade/recycle-react/.git/refs/remotes/origin/main'
2024-05-18 14:10:31.413 [info] > git rev-parse refs/remotes/origin/main [1ms]
2024-05-18 14:10:31.419 [info] > git status -z -uall [2ms]
2024-05-18 14:11:31.158 [info] > git show --textconv :src/components/Header.js [9ms]
2024-05-18 14:11:31.159 [info] > git ls-files --stage -- /home/davidlevy/projects/faculdade/recycle-react/src/components/Header.js [1ms]
2024-05-18 14:11:31.164 [info] > git cat-file -s 07213cdb421b34e16fbfd3899555a131c33aec02 [1ms]
2024-05-18 14:11:40.739 [info] > git show --textconv :src/styles/Header.css [8ms]
2024-05-18 14:11:40.740 [info] > git ls-files --stage -- /home/davidlevy/projects/faculdade/recycle-react/src/styles/Header.css [1ms]
2024-05-18 14:11:40.745 [info] > git cat-file -s a43c4e9321b61f24615a1353d9c8cfb4c374e818 [1ms]
2024-05-18 14:11:47.290 [info] > git show --textconv :src/components/Register.js [7ms]
2024-05-18 14:11:47.291 [info] > git ls-files --stage -- /home/davidlevy/projects/faculdade/recycle-react/src/components/Register.js [1ms]
2024-05-18 14:11:47.296 [info] > git cat-file -s a2a0c89573d4e4255459d39c9b4ea9a97b0113dd [1ms]
2024-05-18 14:13:44.843 [info] > git config --get commit.template [10ms]
2024-05-18 14:13:44.848 [info] > git for-each-ref --format=%(refname)%00%(upstream:short)%00%(objectname)%00%(upstream:track)%00%(upstream:remotename)%00%(upstream:remoteref) refs/heads/main refs/remotes/main [6ms]
2024-05-18 14:13:44.858 [warning] ENOENT: no such file or directory, open '/home/davidlevy/projects/faculdade/recycle-react/.git/refs/remotes/origin/main'
2024-05-18 14:13:44.859 [info] > git rev-parse refs/remotes/origin/main [1ms]
2024-05-18 14:13:44.872 [info] > git status -z -uall [8ms]
2024-05-18 14:14:25.175 [info] > git config --get commit.template [4ms]
2024-05-18 14:14:25.176 [info] > git for-each-ref --format=%(refname)%00%(upstream:short)%00%(objectname)%00%(upstream:track)%00%(upstream:remotename)%00%(upstream:remoteref) refs/heads/main refs/remotes/main [1ms]
2024-05-18 14:14:25.180 [warning] ENOENT: no such file or directory, open '/home/davidlevy/projects/faculdade/recycle-react/.git/refs/remotes/origin/main'
2024-05-18 14:14:25.181 [info] > git rev-parse refs/remotes/origin/main [1ms]
2024-05-18 14:14:25.187 [info] > git status -z -uall [2ms]
2024-05-18 14:41:54.599 [info] > git config --get commit.template [5ms]
2024-05-18 14:41:54.600 [info] > git for-each-ref --format=%(refname)%00%(upstream:short)%00%(objectname)%00%(upstream:track)%00%(upstream:remotename)%00%(upstream:remoteref) refs/heads/main refs/remotes/main [1ms]
2024-05-18 14:41:54.604 [warning] ENOENT: no such file or directory, open '/home/davidlevy/projects/faculdade/recycle-react/.git/refs/remotes/origin/main'
2024-05-18 14:41:54.605 [info] > git rev-parse refs/remotes/origin/main [1ms]
2024-05-18 14:41:54.610 [info] > git status -z -uall [1ms]
2024-05-18 14:54:34.794 [info] > git show --textconv :src/api/UsersService.js [6ms]
2024-05-18 14:54:34.795 [info] > git ls-files --stage -- /home/davidlevy/projects/faculdade/recycle-react/src/api/UsersService.js [2ms]
2024-05-18 14:54:45.108 [info] > git show --textconv :src/components/Register.js [8ms]
2024-05-18 14:54:45.110 [info] > git ls-files --stage -- /home/davidlevy/projects/faculdade/recycle-react/src/components/Register.js [3ms]
2024-05-18 14:54:45.116 [info] > git cat-file -s a2a0c89573d4e4255459d39c9b4ea9a97b0113dd [1ms]
2024-05-18 15:01:34.288 [info] > git show --textconv :src/api/UsersService.js [5ms]
2024-05-18 15:01:34.289 [info] > git ls-files --stage -- /home/davidlevy/projects/faculdade/recycle-react/src/api/UsersService.js [1ms]
2024-05-18 15:02:25.323 [info] > git config --get commit.template [2ms]
2024-05-18 15:02:25.329 [info] > git for-each-ref --format=%(refname)%00%(upstream:short)%00%(objectname)%00%(upstream:track)%00%(upstream:remotename)%00%(upstream:remoteref) refs/heads/main refs/remotes/main [2ms]
2024-05-18 15:02:25.333 [warning] ENOENT: no such file or directory, open '/home/davidlevy/projects/faculdade/recycle-react/.git/refs/remotes/origin/main'
2024-05-18 15:02:25.335 [info] > git rev-parse refs/remotes/origin/main [2ms]
2024-05-18 15:02:25.343 [info] > git status -z -uall [2ms]
2024-05-18 15:08:37.416 [info] > git show --textconv :src/styles/Header.css [8ms]
2024-05-18 15:08:37.416 [info] > git ls-files --stage -- /home/davidlevy/projects/faculdade/recycle-react/src/styles/Header.css [1ms]
2024-05-18 15:08:37.421 [info] > git cat-file -s a43c4e9321b61f24615a1353d9c8cfb4c374e818 [2ms]
2024-05-18 15:08:42.125 [info] > git show --textconv :src/components/Register.js [7ms]
2024-05-18 15:08:42.125 [info] > git ls-files --stage -- /home/davidlevy/projects/faculdade/recycle-react/src/components/Register.js [1ms]
2024-05-18 15:08:42.134 [info] > git cat-file -s a2a0c89573d4e4255459d39c9b4ea9a97b0113dd [2ms]
2024-05-18 15:25:55.071 [info] > git show --textconv :src/api/UsersService.js [12ms]
2024-05-18 15:25:55.074 [info] > git ls-files --stage -- /home/davidlevy/projects/faculdade/recycle-react/src/api/UsersService.js [4ms]
2024-05-18 15:26:33.706 [info] > git show --textconv :src/styles/Header.css [10ms]
2024-05-18 15:26:33.707 [info] > git ls-files --stage -- /home/davidlevy/projects/faculdade/recycle-react/src/styles/Header.css [1ms]
2024-05-18 15:26:33.714 [info] > git cat-file -s a43c4e9321b61f24615a1353d9c8cfb4c374e818 [2ms]
2024-05-18 15:26:38.700 [info] > git show --textconv :src/components/Register.js [10ms]
2024-05-18 15:26:38.701 [info] > git ls-files --stage -- /home/davidlevy/projects/faculdade/recycle-react/src/components/Register.js [2ms]
2024-05-18 15:26:38.706 [info] > git cat-file -s a2a0c89573d4e4255459d39c9b4ea9a97b0113dd [1ms]
2024-05-18 15:27:17.727 [info] > git config --get commit.template [1ms]
2024-05-18 15:27:17.732 [info] > git for-each-ref --format=%(refname)%00%(upstream:short)%00%(objectname)%00%(upstream:track)%00%(upstream:remotename)%00%(upstream:remoteref) refs/heads/main refs/remotes/main [1ms]
2024-05-18 15:27:17.736 [warning] ENOENT: no such file or directory, open '/home/davidlevy/projects/faculdade/recycle-react/.git/refs/remotes/origin/main'
2024-05-18 15:27:17.737 [info] > git rev-parse refs/remotes/origin/main [1ms]
2024-05-18 15:27:17.744 [info] > git status -z -uall [2ms]
2024-05-18 15:34:45.398 [info] > git for-each-ref --format=%(refname)%00%(upstream:short)%00%(objectname)%00%(upstream:track)%00%(upstream:remotename)%00%(upstream:remoteref) refs/heads/main refs/remotes/main [7ms]
2024-05-18 15:34:45.398 [info] > git config --get commit.template [16ms]
2024-05-18 15:34:45.404 [warning] ENOENT: no such file or directory, open '/home/davidlevy/projects/faculdade/recycle-react/.git/refs/remotes/origin/main'
2024-05-18 15:34:45.406 [info] > git rev-parse refs/remotes/origin/main [2ms]
2024-05-18 15:34:45.413 [info] > git status -z -uall [2ms]
2024-05-18 16:28:02.279 [info] > git show --textconv :src/api/UsersService.js [11ms]
2024-05-18 16:28:02.279 [info] > git ls-files --stage -- /home/davidlevy/projects/faculdade/recycle-react/src/api/UsersService.js [3ms]
